2023-08-01 20:26:25.205  INFO 29159 --- [restartedMain] a.c.m.MsavaliadorcreditoApplication      : Starting MsavaliadorcreditoApplication using Java 15.0.2 on MacBook-Air-de-Admin-2.local with PID 29159 (/Users/admin/Documents/Estudos/PRJ_MicroServico/msavaliadorcredito/target/classes started by admin in /Users/admin/Documents/Estudos/PRJ_MicroServico/msavaliadorcredito)
2023-08-01 20:26:25.223  INFO 29159 --- [restartedMain] a.c.m.MsavaliadorcreditoApplication      : No active profile set, falling back to 1 default profile: "default"
2023-08-01 20:26:26.015  INFO 29159 --- [restartedMain] .e.DevToolsPropertyDefaultsPostProcessor : Devtools property defaults active! Set 'spring.devtools.add-properties' to 'false' to disable
2023-08-01 20:26:26.017  INFO 29159 --- [restartedMain] .e.DevToolsPropertyDefaultsPostProcessor : For additional web related logging consider setting the 'logging.level.web' property to 'DEBUG'
2023-08-01 20:26:44.103  INFO 29159 --- [restartedMain] o.s.cloud.context.scope.GenericScope     : BeanFactory id=a472aeaa-5f12-3eb2-a889-7852ab3d2c88
2023-08-01 20:26:53.898  INFO 29159 --- [restartedMain] o.s.b.w.embedded.tomcat.TomcatWebServer  : Tomcat initialized with port(s): 0 (http)
2023-08-01 20:26:53.944  INFO 29159 --- [restartedMain] o.apache.catalina.core.StandardService   : Starting service [Tomcat]
2023-08-01 20:26:53.945  INFO 29159 --- [restartedMain] org.apache.catalina.core.StandardEngine  : Starting Servlet engine: [Apache Tomcat/9.0.62]
2023-08-01 20:26:55.166  INFO 29159 --- [restartedMain] o.a.c.c.C.[Tomcat].[localhost].[/]       : Initializing Spring embedded WebApplicationContext
2023-08-01 20:26:55.172  INFO 29159 --- [restartedMain] w.s.c.ServletWebServerApplicationContext : Root WebApplicationContext: initialization completed in 29126 ms
2023-08-01 20:26:58.445  INFO 29159 --- [restartedMain] o.s.b.d.a.OptionalLiveReloadServer       : LiveReload server is running on port 35729
2023-08-01 20:26:58.728  INFO 29159 --- [restartedMain] o.s.c.openfeign.FeignClientFactoryBean   : For 'msclientes' URL not provided. Will try picking an instance via load-balancing.
2023-08-01 20:26:59.169  INFO 29159 --- [restartedMain] o.s.c.openfeign.FeignClientFactoryBean   : For 'mscartoes' URL not provided. Will try picking an instance via load-balancing.
2023-08-01 20:27:00.358 ERROR 29159 --- [restartedMain] com.rabbitmq.client.Address              : Address http://localhost:5672:5672 seems to contain an unquoted IPv6 address. Make sure you quote IPv6 addresses like so: [2001:db8:85a3:8d3:1319:8a2e:370:7348]
2023-08-01 20:27:00.365  WARN 29159 --- [restartedMain] ConfigServletWebServerApplicationContext : Exception encountered during context initialization - cancelling refresh attempt: org.springframework.beans.factory.UnsatisfiedDependencyException: Error creating bean with name 'avaliadorCreditoController' defined in file [/Users/admin/Documents/Estudos/PRJ_MicroServico/msavaliadorcredito/target/classes/afsilva/com/msavaliadorcredito/application/AvaliadorCreditoController.class]: Unsatisfied dependency expressed through constructor parameter 0; nested exception is org.springframework.beans.factory.UnsatisfiedDependencyException: Error creating bean with name 'avaliadorCreditoService' defined in file [/Users/admin/Documents/Estudos/PRJ_MicroServico/msavaliadorcredito/target/classes/afsilva/com/msavaliadorcredito/application/AvaliadorCreditoService.class]: Unsatisfied dependency expressed through constructor parameter 2; nested exception is org.springframework.beans.factory.UnsatisfiedDependencyException: Error creating bean with name 'solicitacaoEmissaoCartaoPublisher' defined in file [/Users/admin/Documents/Estudos/PRJ_MicroServico/msavaliadorcredito/target/classes/afsilva/com/msavaliadorcredito/infra/mqueue/SolicitacaoEmissaoCartaoPublisher.class]: Unsatisfied dependency expressed through constructor parameter 0; nested exception is org.springframework.beans.factory.UnsatisfiedDependencyException: Error creating bean with name 'rabbitTemplate' defined in class path resource [org/springframework/boot/autoconfigure/amqp/RabbitAutoConfiguration$RabbitTemplateConfiguration.class]: Unsatisfied dependency expressed through method 'rabbitTemplate' parameter 1; nested exception is org.springframework.beans.factory.BeanCreationException: Error creating bean with name 'rabbitConnectionFactory' defined in class path resource [org/springframework/boot/autoconfigure/amqp/RabbitAutoConfiguration$RabbitConnectionFactoryCreator.class]: Bean instantiation via factory method failed; nested exception is org.springframework.beans.BeanInstantiationException: Failed to instantiate [org.springframework.amqp.rabbit.connection.CachingConnectionFactory]: Factory method 'rabbitConnectionFactory' threw exception; nested exception is java.lang.IllegalArgumentException: Address http://localhost:5672:5672 seems to contain an unquoted IPv6 address. Make sure you quote IPv6 addresses like so: [2001:db8:85a3:8d3:1319:8a2e:370:7348]
2023-08-01 20:27:00.423  WARN 29159 --- [restartedMain] s.c.a.AnnotationConfigApplicationContext : Exception thrown from ApplicationListener handling ContextClosedEvent

org.springframework.beans.factory.BeanCreationNotAllowedException: Error creating bean with name 'rabbitConnectionFactory': Singleton bean creation not allowed while singletons of this factory are in destruction (Do not request a bean from a BeanFactory in a destroy method implementation!)
	at org.springframework.beans.factory.support.DefaultSingletonBeanRegistry.getSingleton(DefaultSingletonBeanRegistry.java:220) ~[spring-beans-5.3.19.jar:5.3.19]
	at org.springframework.beans.factory.support.AbstractBeanFactory.doGetBean(AbstractBeanFactory.java:333) ~[spring-beans-5.3.19.jar:5.3.19]
	at org.springframework.beans.factory.support.AbstractBeanFactory.getBean(AbstractBeanFactory.java:213) ~[spring-beans-5.3.19.jar:5.3.19]
	at org.springframework.context.event.AbstractApplicationEventMulticaster.retrieveApplicationListeners(AbstractApplicationEventMulticaster.java:264) ~[spring-context-5.3.19.jar:5.3.19]
	at org.springframework.context.event.AbstractApplicationEventMulticaster.getApplicationListeners(AbstractApplicationEventMulticaster.java:221) ~[spring-context-5.3.19.jar:5.3.19]
	at org.springframework.context.event.SimpleApplicationEventMulticaster.multicastEvent(SimpleApplicationEventMulticaster.java:138) ~[spring-context-5.3.19.jar:5.3.19]
	at org.springframework.context.support.AbstractApplicationContext.publishEvent(AbstractApplicationContext.java:421) ~[spring-context-5.3.19.jar:5.3.19]
	at org.springframework.context.support.AbstractApplicationContext.publishEvent(AbstractApplicationContext.java:427) ~[spring-context-5.3.19.jar:5.3.19]
	at org.springframework.context.support.AbstractApplicationContext.publishEvent(AbstractApplicationContext.java:378) ~[spring-context-5.3.19.jar:5.3.19]
	at org.springframework.context.support.AbstractApplicationContext.doClose(AbstractApplicationContext.java:1058) ~[spring-context-5.3.19.jar:5.3.19]
	at org.springframework.context.support.AbstractApplicationContext.close(AbstractApplicationContext.java:1021) ~[spring-context-5.3.19.jar:5.3.19]
	at org.springframework.cloud.context.named.NamedContextFactory.destroy(NamedContextFactory.java:96) ~[spring-cloud-context-3.1.1.jar:3.1.1]
	at org.springframework.beans.factory.support.DisposableBeanAdapter.destroy(DisposableBeanAdapter.java:213) ~[spring-beans-5.3.19.jar:5.3.19]
	at org.springframework.beans.factory.support.DefaultSingletonBeanRegistry.destroyBean(DefaultSingletonBeanRegistry.java:587) ~[spring-beans-5.3.19.jar:5.3.19]
	at org.springframework.beans.factory.support.DefaultSingletonBeanRegistry.destroySingleton(DefaultSingletonBeanRegistry.java:559) ~[spring-beans-5.3.19.jar:5.3.19]
	at org.springframework.beans.factory.support.DefaultListableBeanFactory.destroySingleton(DefaultListableBeanFactory.java:1161) ~[spring-beans-5.3.19.jar:5.3.19]
	at org.springframework.beans.factory.support.DefaultSingletonBeanRegistry.destroySingletons(DefaultSingletonBeanRegistry.java:520) ~[spring-beans-5.3.19.jar:5.3.19]
	at org.springframework.beans.factory.support.DefaultListableBeanFactory.destroySingletons(DefaultListableBeanFactory.java:1154) ~[spring-beans-5.3.19.jar:5.3.19]
	at org.springframework.context.support.AbstractApplicationContext.destroyBeans(AbstractApplicationContext.java:1106) ~[spring-context-5.3.19.jar:5.3.19]
	at org.springframework.context.support.AbstractApplicationContext.refresh(AbstractApplicationContext.java:596) ~[spring-context-5.3.19.jar:5.3.19]
	at org.springframework.boot.web.servlet.context.ServletWebServerApplicationContext.refresh(ServletWebServerApplicationContext.java:145) ~[spring-boot-2.6.7.jar:2.6.7]
	at org.springframework.boot.SpringApplication.refresh(SpringApplication.java:740) ~[spring-boot-2.6.7.jar:2.6.7]
	at org.springframework.boot.SpringApplication.refreshContext(SpringApplication.java:415) ~[spring-boot-2.6.7.jar:2.6.7]
	at org.springframework.boot.SpringApplication.run(SpringApplication.java:303) ~[spring-boot-2.6.7.jar:2.6.7]
	at org.springframework.boot.SpringApplication.run(SpringApplication.java:1312) ~[spring-boot-2.6.7.jar:2.6.7]
	at org.springframework.boot.SpringApplication.run(SpringApplication.java:1301) ~[spring-boot-2.6.7.jar:2.6.7]
	at afsilva.com.msavaliadorcredito.MsavaliadorcreditoApplication.main(MsavaliadorcreditoApplication.java:17) ~[classes/:na]
	at java.base/jdk.internal.reflect.NativeMethodAccessorImpl.invoke0(Native Method) ~[na:na]
	at java.base/jdk.internal.reflect.NativeMethodAccessorImpl.invoke(NativeMethodAccessorImpl.java:64) ~[na:na]
	at java.base/jdk.internal.reflect.DelegatingMethodAccessorImpl.invoke(DelegatingMethodAccessorImpl.java:43) ~[na:na]
	at java.base/java.lang.reflect.Method.invoke(Method.java:564) ~[na:na]
	at org.springframework.boot.devtools.restart.RestartLauncher.run(RestartLauncher.java:49) ~[spring-boot-devtools-2.6.7.jar:2.6.7]

2023-08-01 20:27:00.437  WARN 29159 --- [restartedMain] s.c.a.AnnotationConfigApplicationContext : Exception thrown from ApplicationListener handling ContextClosedEvent

org.springframework.beans.factory.BeanCreationNotAllowedException: Error creating bean with name 'rabbitConnectionFactory': Singleton bean creation not allowed while singletons of this factory are in destruction (Do not request a bean from a BeanFactory in a destroy method implementation!)
	at org.springframework.beans.factory.support.DefaultSingletonBeanRegistry.getSingleton(DefaultSingletonBeanRegistry.java:220) ~[spring-beans-5.3.19.jar:5.3.19]
	at org.springframework.beans.factory.support.AbstractBeanFactory.doGetBean(AbstractBeanFactory.java:333) ~[spring-beans-5.3.19.jar:5.3.19]
	at org.springframework.beans.factory.support.AbstractBeanFactory.getBean(AbstractBeanFactory.java:213) ~[spring-beans-5.3.19.jar:5.3.19]
	at org.springframework.context.event.AbstractApplicationEventMulticaster.retrieveApplicationListeners(AbstractApplicationEventMulticaster.java:264) ~[spring-context-5.3.19.jar:5.3.19]
	at org.springframework.context.event.AbstractApplicationEventMulticaster.getApplicationListeners(AbstractApplicationEventMulticaster.java:221) ~[spring-context-5.3.19.jar:5.3.19]
	at org.springframework.context.event.SimpleApplicationEventMulticaster.multicastEvent(SimpleApplicationEventMulticaster.java:138) ~[spring-context-5.3.19.jar:5.3.19]
	at org.springframework.context.support.AbstractApplicationContext.publishEvent(AbstractApplicationContext.java:421) ~[spring-context-5.3.19.jar:5.3.19]
	at org.springframework.context.support.AbstractApplicationContext.publishEvent(AbstractApplicationContext.java:427) ~[spring-context-5.3.19.jar:5.3.19]
	at org.springframework.context.support.AbstractApplicationContext.publishEvent(AbstractApplicationContext.java:378) ~[spring-context-5.3.19.jar:5.3.19]
	at org.springframework.context.support.AbstractApplicationContext.doClose(AbstractApplicationContext.java:1058) ~[spring-context-5.3.19.jar:5.3.19]
	at org.springframework.context.support.AbstractApplicationContext.close(AbstractApplicationContext.java:1021) ~[spring-context-5.3.19.jar:5.3.19]
	at org.springframework.cloud.context.named.NamedContextFactory.destroy(NamedContextFactory.java:96) ~[spring-cloud-context-3.1.1.jar:3.1.1]
	at org.springframework.beans.factory.support.DisposableBeanAdapter.destroy(DisposableBeanAdapter.java:213) ~[spring-beans-5.3.19.jar:5.3.19]
	at org.springframework.beans.factory.support.DefaultSingletonBeanRegistry.destroyBean(DefaultSingletonBeanRegistry.java:587) ~[spring-beans-5.3.19.jar:5.3.19]
	at org.springframework.beans.factory.support.DefaultSingletonBeanRegistry.destroySingleton(DefaultSingletonBeanRegistry.java:559) ~[spring-beans-5.3.19.jar:5.3.19]
	at org.springframework.beans.factory.support.DefaultListableBeanFactory.destroySingleton(DefaultListableBeanFactory.java:1161) ~[spring-beans-5.3.19.jar:5.3.19]
	at org.springframework.beans.factory.support.DefaultSingletonBeanRegistry.destroySingletons(DefaultSingletonBeanRegistry.java:520) ~[spring-beans-5.3.19.jar:5.3.19]
	at org.springframework.beans.factory.support.DefaultListableBeanFactory.destroySingletons(DefaultListableBeanFactory.java:1154) ~[spring-beans-5.3.19.jar:5.3.19]
	at org.springframework.context.support.AbstractApplicationContext.destroyBeans(AbstractApplicationContext.java:1106) ~[spring-context-5.3.19.jar:5.3.19]
	at org.springframework.context.support.AbstractApplicationContext.refresh(AbstractApplicationContext.java:596) ~[spring-context-5.3.19.jar:5.3.19]
	at org.springframework.boot.web.servlet.context.ServletWebServerApplicationContext.refresh(ServletWebServerApplicationContext.java:145) ~[spring-boot-2.6.7.jar:2.6.7]
	at org.springframework.boot.SpringApplication.refresh(SpringApplication.java:740) ~[spring-boot-2.6.7.jar:2.6.7]
	at org.springframework.boot.SpringApplication.refreshContext(SpringApplication.java:415) ~[spring-boot-2.6.7.jar:2.6.7]
	at org.springframework.boot.SpringApplication.run(SpringApplication.java:303) ~[spring-boot-2.6.7.jar:2.6.7]
	at org.springframework.boot.SpringApplication.run(SpringApplication.java:1312) ~[spring-boot-2.6.7.jar:2.6.7]
	at org.springframework.boot.SpringApplication.run(SpringApplication.java:1301) ~[spring-boot-2.6.7.jar:2.6.7]
	at afsilva.com.msavaliadorcredito.MsavaliadorcreditoApplication.main(MsavaliadorcreditoApplication.java:17) ~[classes/:na]
	at java.base/jdk.internal.reflect.NativeMethodAccessorImpl.invoke0(Native Method) ~[na:na]
	at java.base/jdk.internal.reflect.NativeMethodAccessorImpl.invoke(NativeMethodAccessorImpl.java:64) ~[na:na]
	at java.base/jdk.internal.reflect.DelegatingMethodAccessorImpl.invoke(DelegatingMethodAccessorImpl.java:43) ~[na:na]
	at java.base/java.lang.reflect.Method.invoke(Method.java:564) ~[na:na]
	at org.springframework.boot.devtools.restart.RestartLauncher.run(RestartLauncher.java:49) ~[spring-boot-devtools-2.6.7.jar:2.6.7]

2023-08-01 20:27:00.505  INFO 29159 --- [restartedMain] o.apache.catalina.core.StandardService   : Stopping service [Tomcat]
2023-08-01 20:27:00.741  INFO 29159 --- [restartedMain] ConditionEvaluationReportLoggingListener : 

Error starting ApplicationContext. To display the conditions report re-run your application with 'debug' enabled.
2023-08-01 20:27:00.924 ERROR 29159 --- [restartedMain] o.s.boot.SpringApplication               : Application run failed

org.springframework.beans.factory.UnsatisfiedDependencyException: Error creating bean with name 'avaliadorCreditoController' defined in file [/Users/admin/Documents/Estudos/PRJ_MicroServico/msavaliadorcredito/target/classes/afsilva/com/msavaliadorcredito/application/AvaliadorCreditoController.class]: Unsatisfied dependency expressed through constructor parameter 0; nested exception is org.springframework.beans.factory.UnsatisfiedDependencyException: Error creating bean with name 'avaliadorCreditoService' defined in file [/Users/admin/Documents/Estudos/PRJ_MicroServico/msavaliadorcredito/target/classes/afsilva/com/msavaliadorcredito/application/AvaliadorCreditoService.class]: Unsatisfied dependency expressed through constructor parameter 2; nested exception is org.springframework.beans.factory.UnsatisfiedDependencyException: Error creating bean with name 'solicitacaoEmissaoCartaoPublisher' defined in file [/Users/admin/Documents/Estudos/PRJ_MicroServico/msavaliadorcredito/target/classes/afsilva/com/msavaliadorcredito/infra/mqueue/SolicitacaoEmissaoCartaoPublisher.class]: Unsatisfied dependency expressed through constructor parameter 0; nested exception is org.springframework.beans.factory.UnsatisfiedDependencyException: Error creating bean with name 'rabbitTemplate' defined in class path resource [org/springframework/boot/autoconfigure/amqp/RabbitAutoConfiguration$RabbitTemplateConfiguration.class]: Unsatisfied dependency expressed through method 'rabbitTemplate' parameter 1; nested exception is org.springframework.beans.factory.BeanCreationException: Error creating bean with name 'rabbitConnectionFactory' defined in class path resource [org/springframework/boot/autoconfigure/amqp/RabbitAutoConfiguration$RabbitConnectionFactoryCreator.class]: Bean instantiation via factory method failed; nested exception is org.springframework.beans.BeanInstantiationException: Failed to instantiate [org.springframework.amqp.rabbit.connection.CachingConnectionFactory]: Factory method 'rabbitConnectionFactory' threw exception; nested exception is java.lang.IllegalArgumentException: Address http://localhost:5672:5672 seems to contain an unquoted IPv6 address. Make sure you quote IPv6 addresses like so: [2001:db8:85a3:8d3:1319:8a2e:370:7348]
	at org.springframework.beans.factory.support.ConstructorResolver.createArgumentArray(ConstructorResolver.java:800) ~[spring-beans-5.3.19.jar:5.3.19]
	at org.springframework.beans.factory.support.ConstructorResolver.autowireConstructor(ConstructorResolver.java:229) ~[spring-beans-5.3.19.jar:5.3.19]
	at org.springframework.beans.factory.support.AbstractAutowireCapableBeanFactory.autowireConstructor(AbstractAutowireCapableBeanFactory.java:1372) ~[spring-beans-5.3.19.jar:5.3.19]
	at org.springframework.beans.factory.support.AbstractAutowireCapableBeanFactory.createBeanInstance(AbstractAutowireCapableBeanFactory.java:1222) ~[spring-beans-5.3.19.jar:5.3.19]
	at org.springframework.beans.factory.support.AbstractAutowireCapableBeanFactory.doCreateBean(AbstractAutowireCapableBeanFactory.java:582) ~[spring-beans-5.3.19.jar:5.3.19]
	at org.springframework.beans.factory.support.AbstractAutowireCapableBeanFactory.createBean(AbstractAutowireCapableBeanFactory.java:542) ~[spring-beans-5.3.19.jar:5.3.19]
	at org.springframework.beans.factory.support.AbstractBeanFactory.lambda$doGetBean$0(AbstractBeanFactory.java:335) ~[spring-beans-5.3.19.jar:5.3.19]
	at org.springframework.beans.factory.support.DefaultSingletonBeanRegistry.getSingleton(DefaultSingletonBeanRegistry.java:234) ~[spring-beans-5.3.19.jar:5.3.19]
	at org.springframework.beans.factory.support.AbstractBeanFactory.doGetBean(AbstractBeanFactory.java:333) ~[spring-beans-5.3.19.jar:5.3.19]
	at org.springframework.beans.factory.support.AbstractBeanFactory.getBean(AbstractBeanFactory.java:208) ~[spring-beans-5.3.19.jar:5.3.19]
	at org.springframework.beans.factory.support.DefaultListableBeanFactory.preInstantiateSingletons(DefaultListableBeanFactory.java:953) ~[spring-beans-5.3.19.jar:5.3.19]
	at org.springframework.context.support.AbstractApplicationContext.finishBeanFactoryInitialization(AbstractApplicationContext.java:918) ~[spring-context-5.3.19.jar:5.3.19]
	at org.springframework.context.support.AbstractApplicationContext.refresh(AbstractApplicationContext.java:583) ~[spring-context-5.3.19.jar:5.3.19]
	at org.springframework.boot.web.servlet.context.ServletWebServerApplicationContext.refresh(ServletWebServerApplicationContext.java:145) ~[spring-boot-2.6.7.jar:2.6.7]
	at org.springframework.boot.SpringApplication.refresh(SpringApplication.java:740) ~[spring-boot-2.6.7.jar:2.6.7]
	at org.springframework.boot.SpringApplication.refreshContext(SpringApplication.java:415) ~[spring-boot-2.6.7.jar:2.6.7]
	at org.springframework.boot.SpringApplication.run(SpringApplication.java:303) ~[spring-boot-2.6.7.jar:2.6.7]
	at org.springframework.boot.SpringApplication.run(SpringApplication.java:1312) ~[spring-boot-2.6.7.jar:2.6.7]
	at org.springframework.boot.SpringApplication.run(SpringApplication.java:1301) ~[spring-boot-2.6.7.jar:2.6.7]
	at afsilva.com.msavaliadorcredito.MsavaliadorcreditoApplication.main(MsavaliadorcreditoApplication.java:17) ~[classes/:na]
	at java.base/jdk.internal.reflect.NativeMethodAccessorImpl.invoke0(Native Method) ~[na:na]
	at java.base/jdk.internal.reflect.NativeMethodAccessorImpl.invoke(NativeMethodAccessorImpl.java:64) ~[na:na]
	at java.base/jdk.internal.reflect.DelegatingMethodAccessorImpl.invoke(DelegatingMethodAccessorImpl.java:43) ~[na:na]
	at java.base/java.lang.reflect.Method.invoke(Method.java:564) ~[na:na]
	at org.springframework.boot.devtools.restart.RestartLauncher.run(RestartLauncher.java:49) ~[spring-boot-devtools-2.6.7.jar:2.6.7]
Caused by: org.springframework.beans.factory.UnsatisfiedDependencyException: Error creating bean with name 'avaliadorCreditoService' defined in file [/Users/admin/Documents/Estudos/PRJ_MicroServico/msavaliadorcredito/target/classes/afsilva/com/msavaliadorcredito/application/AvaliadorCreditoService.class]: Unsatisfied dependency expressed through constructor parameter 2; nested exception is org.springframework.beans.factory.UnsatisfiedDependencyException: Error creating bean with name 'solicitacaoEmissaoCartaoPublisher' defined in file [/Users/admin/Documents/Estudos/PRJ_MicroServico/msavaliadorcredito/target/classes/afsilva/com/msavaliadorcredito/infra/mqueue/SolicitacaoEmissaoCartaoPublisher.class]: Unsatisfied dependency expressed through constructor parameter 0; nested exception is org.springframework.beans.factory.UnsatisfiedDependencyException: Error creating bean with name 'rabbitTemplate' defined in class path resource [org/springframework/boot/autoconfigure/amqp/RabbitAutoConfiguration$RabbitTemplateConfiguration.class]: Unsatisfied dependency expressed through method 'rabbitTemplate' parameter 1; nested exception is org.springframework.beans.factory.BeanCreationException: Error creating bean with name 'rabbitConnectionFactory' defined in class path resource [org/springframework/boot/autoconfigure/amqp/RabbitAutoConfiguration$RabbitConnectionFactoryCreator.class]: Bean instantiation via factory method failed; nested exception is org.springframework.beans.BeanInstantiationException: Failed to instantiate [org.springframework.amqp.rabbit.connection.CachingConnectionFactory]: Factory method 'rabbitConnectionFactory' threw exception; nested exception is java.lang.IllegalArgumentException: Address http://localhost:5672:5672 seems to contain an unquoted IPv6 address. Make sure you quote IPv6 addresses like so: [2001:db8:85a3:8d3:1319:8a2e:370:7348]
	at org.springframework.beans.factory.support.ConstructorResolver.createArgumentArray(ConstructorResolver.java:800) ~[spring-beans-5.3.19.jar:5.3.19]
	at org.springframework.beans.factory.support.ConstructorResolver.autowireConstructor(ConstructorResolver.java:229) ~[spring-beans-5.3.19.jar:5.3.19]
	at org.springframework.beans.factory.support.AbstractAutowireCapableBeanFactory.autowireConstructor(AbstractAutowireCapableBeanFactory.java:1372) ~[spring-beans-5.3.19.jar:5.3.19]
	at org.springframework.beans.factory.support.AbstractAutowireCapableBeanFactory.createBeanInstance(AbstractAutowireCapableBeanFactory.java:1222) ~[spring-beans-5.3.19.jar:5.3.19]
	at org.springframework.beans.factory.support.AbstractAutowireCapableBeanFactory.doCreateBean(AbstractAutowireCapableBeanFactory.java:582) ~[spring-beans-5.3.19.jar:5.3.19]
	at org.springframework.beans.factory.support.AbstractAutowireCapableBeanFactory.createBean(AbstractAutowireCapableBeanFactory.java:542) ~[spring-beans-5.3.19.jar:5.3.19]
	at org.springframework.beans.factory.support.AbstractBeanFactory.lambda$doGetBean$0(AbstractBeanFactory.java:335) ~[spring-beans-5.3.19.jar:5.3.19]
	at org.springframework.beans.factory.support.DefaultSingletonBeanRegistry.getSingleton(DefaultSingletonBeanRegistry.java:234) ~[spring-beans-5.3.19.jar:5.3.19]
	at org.springframework.beans.factory.support.AbstractBeanFactory.doGetBean(AbstractBeanFactory.java:333) ~[spring-beans-5.3.19.jar:5.3.19]
	at org.springframework.beans.factory.support.AbstractBeanFactory.getBean(AbstractBeanFactory.java:208) ~[spring-beans-5.3.19.jar:5.3.19]
	at org.springframework.beans.factory.config.DependencyDescriptor.resolveCandidate(DependencyDescriptor.java:276) ~[spring-beans-5.3.19.jar:5.3.19]
	at org.springframework.beans.factory.support.DefaultListableBeanFactory.doResolveDependency(DefaultListableBeanFactory.java:1389) ~[spring-beans-5.3.19.jar:5.3.19]
	at org.springframework.beans.factory.support.DefaultListableBeanFactory.resolveDependency(DefaultListableBeanFactory.java:1309) ~[spring-beans-5.3.19.jar:5.3.19]
	at org.springframework.beans.factory.support.ConstructorResolver.resolveAutowiredArgument(ConstructorResolver.java:887) ~[spring-beans-5.3.19.jar:5.3.19]
	at org.springframework.beans.factory.support.ConstructorResolver.createArgumentArray(ConstructorResolver.java:791) ~[spring-beans-5.3.19.jar:5.3.19]
	... 24 common frames omitted
Caused by: org.springframework.beans.factory.UnsatisfiedDependencyException: Error creating bean with name 'solicitacaoEmissaoCartaoPublisher' defined in file [/Users/admin/Documents/Estudos/PRJ_MicroServico/msavaliadorcredito/target/classes/afsilva/com/msavaliadorcredito/infra/mqueue/SolicitacaoEmissaoCartaoPublisher.class]: Unsatisfied dependency expressed through constructor parameter 0; nested exception is org.springframework.beans.factory.UnsatisfiedDependencyException: Error creating bean with name 'rabbitTemplate' defined in class path resource [org/springframework/boot/autoconfigure/amqp/RabbitAutoConfiguration$RabbitTemplateConfiguration.class]: Unsatisfied dependency expressed through method 'rabbitTemplate' parameter 1; nested exception is org.springframework.beans.factory.BeanCreationException: Error creating bean with name 'rabbitConnectionFactory' defined in class path resource [org/springframework/boot/autoconfigure/amqp/RabbitAutoConfiguration$RabbitConnectionFactoryCreator.class]: Bean instantiation via factory method failed; nested exception is org.springframework.beans.BeanInstantiationException: Failed to instantiate [org.springframework.amqp.rabbit.connection.CachingConnectionFactory]: Factory method 'rabbitConnectionFactory' threw exception; nested exception is java.lang.IllegalArgumentException: Address http://localhost:5672:5672 seems to contain an unquoted IPv6 address. Make sure you quote IPv6 addresses like so: [2001:db8:85a3:8d3:1319:8a2e:370:7348]
	at org.springframework.beans.factory.support.ConstructorResolver.createArgumentArray(ConstructorResolver.java:800) ~[spring-beans-5.3.19.jar:5.3.19]
	at org.springframework.beans.factory.support.ConstructorResolver.autowireConstructor(ConstructorResolver.java:229) ~[spring-beans-5.3.19.jar:5.3.19]
	at org.springframework.beans.factory.support.AbstractAutowireCapableBeanFactory.autowireConstructor(AbstractAutowireCapableBeanFactory.java:1372) ~[spring-beans-5.3.19.jar:5.3.19]
	at org.springframework.beans.factory.support.AbstractAutowireCapableBeanFactory.createBeanInstance(AbstractAutowireCapableBeanFactory.java:1222) ~[spring-beans-5.3.19.jar:5.3.19]
	at org.springframework.beans.factory.support.AbstractAutowireCapableBeanFactory.doCreateBean(AbstractAutowireCapableBeanFactory.java:582) ~[spring-beans-5.3.19.jar:5.3.19]
	at org.springframework.beans.factory.support.AbstractAutowireCapableBeanFactory.createBean(AbstractAutowireCapableBeanFactory.java:542) ~[spring-beans-5.3.19.jar:5.3.19]
	at org.springframework.beans.factory.support.AbstractBeanFactory.lambda$doGetBean$0(AbstractBeanFactory.java:335) ~[spring-beans-5.3.19.jar:5.3.19]
	at org.springframework.beans.factory.support.DefaultSingletonBeanRegistry.getSingleton(DefaultSingletonBeanRegistry.java:234) ~[spring-beans-5.3.19.jar:5.3.19]
	at org.springframework.beans.factory.support.AbstractBeanFactory.doGetBean(AbstractBeanFactory.java:333) ~[spring-beans-5.3.19.jar:5.3.19]
	at org.springframework.beans.factory.support.AbstractBeanFactory.getBean(AbstractBeanFactory.java:208) ~[spring-beans-5.3.19.jar:5.3.19]
	at org.springframework.beans.factory.config.DependencyDescriptor.resolveCandidate(DependencyDescriptor.java:276) ~[spring-beans-5.3.19.jar:5.3.19]
	at org.springframework.beans.factory.support.DefaultListableBeanFactory.doResolveDependency(DefaultListableBeanFactory.java:1389) ~[spring-beans-5.3.19.jar:5.3.19]
	at org.springframework.beans.factory.support.DefaultListableBeanFactory.resolveDependency(DefaultListableBeanFactory.java:1309) ~[spring-beans-5.3.19.jar:5.3.19]
	at org.springframework.beans.factory.support.ConstructorResolver.resolveAutowiredArgument(ConstructorResolver.java:887) ~[spring-beans-5.3.19.jar:5.3.19]
	at org.springframework.beans.factory.support.ConstructorResolver.createArgumentArray(ConstructorResolver.java:791) ~[spring-beans-5.3.19.jar:5.3.19]
	... 38 common frames omitted
Caused by: org.springframework.beans.factory.UnsatisfiedDependencyException: Error creating bean with name 'rabbitTemplate' defined in class path resource [org/springframework/boot/autoconfigure/amqp/RabbitAutoConfiguration$RabbitTemplateConfiguration.class]: Unsatisfied dependency expressed through method 'rabbitTemplate' parameter 1; nested exception is org.springframework.beans.factory.BeanCreationException: Error creating bean with name 'rabbitConnectionFactory' defined in class path resource [org/springframework/boot/autoconfigure/amqp/RabbitAutoConfiguration$RabbitConnectionFactoryCreator.class]: Bean instantiation via factory method failed; nested exception is org.springframework.beans.BeanInstantiationException: Failed to instantiate [org.springframework.amqp.rabbit.connection.CachingConnectionFactory]: Factory method 'rabbitConnectionFactory' threw exception; nested exception is java.lang.IllegalArgumentException: Address http://localhost:5672:5672 seems to contain an unquoted IPv6 address. Make sure you quote IPv6 addresses like so: [2001:db8:85a3:8d3:1319:8a2e:370:7348]
	at org.springframework.beans.factory.support.ConstructorResolver.createArgumentArray(ConstructorResolver.java:800) ~[spring-beans-5.3.19.jar:5.3.19]
	at org.springframework.beans.factory.support.ConstructorResolver.instantiateUsingFactoryMethod(ConstructorResolver.java:541) ~[spring-beans-5.3.19.jar:5.3.19]
	at org.springframework.beans.factory.support.AbstractAutowireCapableBeanFactory.instantiateUsingFactoryMethod(AbstractAutowireCapableBeanFactory.java:1352) ~[spring-beans-5.3.19.jar:5.3.19]
	at org.springframework.beans.factory.support.AbstractAutowireCapableBeanFactory.createBeanInstance(AbstractAutowireCapableBeanFactory.java:1195) ~[spring-beans-5.3.19.jar:5.3.19]
	at org.springframework.beans.factory.support.AbstractAutowireCapableBeanFactory.doCreateBean(AbstractAutowireCapableBeanFactory.java:582) ~[spring-beans-5.3.19.jar:5.3.19]
	at org.springframework.beans.factory.support.AbstractAutowireCapableBeanFactory.createBean(AbstractAutowireCapableBeanFactory.java:542) ~[spring-beans-5.3.19.jar:5.3.19]
	at org.springframework.beans.factory.support.AbstractBeanFactory.lambda$doGetBean$0(AbstractBeanFactory.java:335) ~[spring-beans-5.3.19.jar:5.3.19]
	at org.springframework.beans.factory.support.DefaultSingletonBeanRegistry.getSingleton(DefaultSingletonBeanRegistry.java:234) ~[spring-beans-5.3.19.jar:5.3.19]
	at org.springframework.beans.factory.support.AbstractBeanFactory.doGetBean(AbstractBeanFactory.java:333) ~[spring-beans-5.3.19.jar:5.3.19]
	at org.springframework.beans.factory.support.AbstractBeanFactory.getBean(AbstractBeanFactory.java:208) ~[spring-beans-5.3.19.jar:5.3.19]
	at org.springframework.beans.factory.config.DependencyDescriptor.resolveCandidate(DependencyDescriptor.java:276) ~[spring-beans-5.3.19.jar:5.3.19]
	at org.springframework.beans.factory.support.DefaultListableBeanFactory.doResolveDependency(DefaultListableBeanFactory.java:1389) ~[spring-beans-5.3.19.jar:5.3.19]
	at org.springframework.beans.factory.support.DefaultListableBeanFactory.resolveDependency(DefaultListableBeanFactory.java:1309) ~[spring-beans-5.3.19.jar:5.3.19]
	at org.springframework.beans.factory.support.ConstructorResolver.resolveAutowiredArgument(ConstructorResolver.java:887) ~[spring-beans-5.3.19.jar:5.3.19]
	at org.springframework.beans.factory.support.ConstructorResolver.createArgumentArray(ConstructorResolver.java:791) ~[spring-beans-5.3.19.jar:5.3.19]
	... 52 common frames omitted
Caused by: org.springframework.beans.factory.BeanCreationException: Error creating bean with name 'rabbitConnectionFactory' defined in class path resource [org/springframework/boot/autoconfigure/amqp/RabbitAutoConfiguration$RabbitConnectionFactoryCreator.class]: Bean instantiation via factory method failed; nested exception is org.springframework.beans.BeanInstantiationException: Failed to instantiate [org.springframework.amqp.rabbit.connection.CachingConnectionFactory]: Factory method 'rabbitConnectionFactory' threw exception; nested exception is java.lang.IllegalArgumentException: Address http://localhost:5672:5672 seems to contain an unquoted IPv6 address. Make sure you quote IPv6 addresses like so: [2001:db8:85a3:8d3:1319:8a2e:370:7348]
	at org.springframework.beans.factory.support.ConstructorResolver.instantiate(ConstructorResolver.java:658) ~[spring-beans-5.3.19.jar:5.3.19]
	at org.springframework.beans.factory.support.ConstructorResolver.instantiateUsingFactoryMethod(ConstructorResolver.java:638) ~[spring-beans-5.3.19.jar:5.3.19]
	at org.springframework.beans.factory.support.AbstractAutowireCapableBeanFactory.instantiateUsingFactoryMethod(AbstractAutowireCapableBeanFactory.java:1352) ~[spring-beans-5.3.19.jar:5.3.19]
	at org.springframework.beans.factory.support.AbstractAutowireCapableBeanFactory.createBeanInstance(AbstractAutowireCapableBeanFactory.java:1195) ~[spring-beans-5.3.19.jar:5.3.19]
	at org.springframework.beans.factory.support.AbstractAutowireCapableBeanFactory.doCreateBean(AbstractAutowireCapableBeanFactory.java:582) ~[spring-beans-5.3.19.jar:5.3.19]
	at org.springframework.beans.factory.support.AbstractAutowireCapableBeanFactory.createBean(AbstractAutowireCapableBeanFactory.java:542) ~[spring-beans-5.3.19.jar:5.3.19]
	at org.springframework.beans.factory.support.AbstractBeanFactory.lambda$doGetBean$0(AbstractBeanFactory.java:335) ~[spring-beans-5.3.19.jar:5.3.19]
	at org.springframework.beans.factory.support.DefaultSingletonBeanRegistry.getSingleton(DefaultSingletonBeanRegistry.java:234) ~[spring-beans-5.3.19.jar:5.3.19]
	at org.springframework.beans.factory.support.AbstractBeanFactory.doGetBean(AbstractBeanFactory.java:333) ~[spring-beans-5.3.19.jar:5.3.19]
	at org.springframework.beans.factory.support.AbstractBeanFactory.getBean(AbstractBeanFactory.java:208) ~[spring-beans-5.3.19.jar:5.3.19]
	at org.springframework.beans.factory.config.DependencyDescriptor.resolveCandidate(DependencyDescriptor.java:276) ~[spring-beans-5.3.19.jar:5.3.19]
	at org.springframework.beans.factory.support.DefaultListableBeanFactory.doResolveDependency(DefaultListableBeanFactory.java:1389) ~[spring-beans-5.3.19.jar:5.3.19]
	at org.springframework.beans.factory.support.DefaultListableBeanFactory.resolveDependency(DefaultListableBeanFactory.java:1309) ~[spring-beans-5.3.19.jar:5.3.19]
	at org.springframework.beans.factory.support.ConstructorResolver.resolveAutowiredArgument(ConstructorResolver.java:887) ~[spring-beans-5.3.19.jar:5.3.19]
	at org.springframework.beans.factory.support.ConstructorResolver.createArgumentArray(ConstructorResolver.java:791) ~[spring-beans-5.3.19.jar:5.3.19]
	... 66 common frames omitted
Caused by: org.springframework.beans.BeanInstantiationException: Failed to instantiate [org.springframework.amqp.rabbit.connection.CachingConnectionFactory]: Factory method 'rabbitConnectionFactory' threw exception; nested exception is java.lang.IllegalArgumentException: Address http://localhost:5672:5672 seems to contain an unquoted IPv6 address. Make sure you quote IPv6 addresses like so: [2001:db8:85a3:8d3:1319:8a2e:370:7348]
	at org.springframework.beans.factory.support.SimpleInstantiationStrategy.instantiate(SimpleInstantiationStrategy.java:185) ~[spring-beans-5.3.19.jar:5.3.19]
	at org.springframework.beans.factory.support.ConstructorResolver.instantiate(ConstructorResolver.java:653) ~[spring-beans-5.3.19.jar:5.3.19]
	... 80 common frames omitted
Caused by: java.lang.IllegalArgumentException: Address http://localhost:5672:5672 seems to contain an unquoted IPv6 address. Make sure you quote IPv6 addresses like so: [2001:db8:85a3:8d3:1319:8a2e:370:7348]
	at com.rabbitmq.client.Address.parseHost(Address.java:96) ~[amqp-client-5.13.1.jar:5.13.1]
	at com.rabbitmq.client.Address.parseAddress(Address.java:158) ~[amqp-client-5.13.1.jar:5.13.1]
	at com.rabbitmq.client.Address.parseAddresses(Address.java:173) ~[amqp-client-5.13.1.jar:5.13.1]
	at org.springframework.amqp.rabbit.connection.AbstractConnectionFactory.setAddresses(AbstractConnectionFactory.java:343) ~[spring-rabbit-2.4.4.jar:2.4.4]
	at org.springframework.boot.context.properties.PropertyMapper$Source.to(PropertyMapper.java:291) ~[spring-boot-2.6.7.jar:2.6.7]
	at org.springframework.boot.autoconfigure.amqp.AbstractConnectionFactoryConfigurer.configure(AbstractConnectionFactoryConfigurer.java:58) ~[spring-boot-autoconfigure-2.6.7.jar:2.6.7]
	at org.springframework.boot.autoconfigure.amqp.RabbitAutoConfiguration$RabbitConnectionFactoryCreator.rabbitConnectionFactory(RabbitAutoConfiguration.java:133) ~[spring-boot-autoconfigure-2.6.7.jar:2.6.7]
	at java.base/jdk.internal.reflect.NativeMethodAccessorImpl.invoke0(Native Method) ~[na:na]
	at java.base/jdk.internal.reflect.NativeMethodAccessorImpl.invoke(NativeMethodAccessorImpl.java:64) ~[na:na]
	at java.base/jdk.internal.reflect.DelegatingMethodAccessorImpl.invoke(DelegatingMethodAccessorImpl.java:43) ~[na:na]
	at java.base/java.lang.reflect.Method.invoke(Method.java:564) ~[na:na]
	at org.springframework.beans.factory.support.SimpleInstantiationStrategy.instantiate(SimpleInstantiationStrategy.java:154) ~[spring-beans-5.3.19.jar:5.3.19]
	... 81 common frames omitted

2023-08-01 20:36:19.069  INFO 29458 --- [restartedMain] a.c.m.MsavaliadorcreditoApplication      : Starting MsavaliadorcreditoApplication using Java 15.0.2 on MacBook-Air-de-Admin-2.local with PID 29458 (/Users/admin/Documents/Estudos/PRJ_MicroServico/msavaliadorcredito/target/classes started by admin in /Users/admin/Documents/Estudos/PRJ_MicroServico/msavaliadorcredito)
2023-08-01 20:36:19.087  INFO 29458 --- [restartedMain] a.c.m.MsavaliadorcreditoApplication      : No active profile set, falling back to 1 default profile: "default"
2023-08-01 20:36:19.305  INFO 29458 --- [restartedMain] .e.DevToolsPropertyDefaultsPostProcessor : Devtools property defaults active! Set 'spring.devtools.add-properties' to 'false' to disable
2023-08-01 20:36:19.306  INFO 29458 --- [restartedMain] .e.DevToolsPropertyDefaultsPostProcessor : For additional web related logging consider setting the 'logging.level.web' property to 'DEBUG'
2023-08-01 20:36:27.943  INFO 29458 --- [restartedMain] o.s.cloud.context.scope.GenericScope     : BeanFactory id=a472aeaa-5f12-3eb2-a889-7852ab3d2c88
2023-08-01 20:36:32.920  INFO 29458 --- [restartedMain] o.s.b.w.embedded.tomcat.TomcatWebServer  : Tomcat initialized with port(s): 0 (http)
2023-08-01 20:36:32.981  INFO 29458 --- [restartedMain] o.apache.catalina.core.StandardService   : Starting service [Tomcat]
2023-08-01 20:36:32.982  INFO 29458 --- [restartedMain] org.apache.catalina.core.StandardEngine  : Starting Servlet engine: [Apache Tomcat/9.0.62]
2023-08-01 20:36:33.366  INFO 29458 --- [restartedMain] o.a.c.c.C.[Tomcat].[localhost].[/]       : Initializing Spring embedded WebApplicationContext
2023-08-01 20:36:33.367  INFO 29458 --- [restartedMain] w.s.c.ServletWebServerApplicationContext : Root WebApplicationContext: initialization completed in 14060 ms
2023-08-01 20:36:34.963  WARN 29458 --- [restartedMain] o.s.b.d.a.OptionalLiveReloadServer       : Unable to start LiveReload server
2023-08-01 20:36:35.145  INFO 29458 --- [restartedMain] o.s.c.openfeign.FeignClientFactoryBean   : For 'msclientes' URL not provided. Will try picking an instance via load-balancing.
2023-08-01 20:36:35.330  INFO 29458 --- [restartedMain] o.s.c.openfeign.FeignClientFactoryBean   : For 'mscartoes' URL not provided. Will try picking an instance via load-balancing.
2023-08-01 20:36:36.162 ERROR 29458 --- [restartedMain] com.rabbitmq.client.Address              : Address http://localhost:5672 seems to contain an unquoted IPv6 address. Make sure you quote IPv6 addresses like so: [2001:db8:85a3:8d3:1319:8a2e:370:7348]
2023-08-01 20:36:36.166  WARN 29458 --- [restartedMain] ConfigServletWebServerApplicationContext : Exception encountered during context initialization - cancelling refresh attempt: org.springframework.beans.factory.UnsatisfiedDependencyException: Error creating bean with name 'avaliadorCreditoController' defined in file [/Users/admin/Documents/Estudos/PRJ_MicroServico/msavaliadorcredito/target/classes/afsilva/com/msavaliadorcredito/application/AvaliadorCreditoController.class]: Unsatisfied dependency expressed through constructor parameter 0; nested exception is org.springframework.beans.factory.UnsatisfiedDependencyException: Error creating bean with name 'avaliadorCreditoService' defined in file [/Users/admin/Documents/Estudos/PRJ_MicroServico/msavaliadorcredito/target/classes/afsilva/com/msavaliadorcredito/application/AvaliadorCreditoService.class]: Unsatisfied dependency expressed through constructor parameter 2; nested exception is org.springframework.beans.factory.UnsatisfiedDependencyException: Error creating bean with name 'solicitacaoEmissaoCartaoPublisher' defined in file [/Users/admin/Documents/Estudos/PRJ_MicroServico/msavaliadorcredito/target/classes/afsilva/com/msavaliadorcredito/infra/mqueue/SolicitacaoEmissaoCartaoPublisher.class]: Unsatisfied dependency expressed through constructor parameter 0; nested exception is org.springframework.beans.factory.UnsatisfiedDependencyException: Error creating bean with name 'rabbitTemplate' defined in class path resource [org/springframework/boot/autoconfigure/amqp/RabbitAutoConfiguration$RabbitTemplateConfiguration.class]: Unsatisfied dependency expressed through method 'rabbitTemplate' parameter 1; nested exception is org.springframework.beans.factory.BeanCreationException: Error creating bean with name 'rabbitConnectionFactory' defined in class path resource [org/springframework/boot/autoconfigure/amqp/RabbitAutoConfiguration$RabbitConnectionFactoryCreator.class]: Bean instantiation via factory method failed; nested exception is org.springframework.beans.BeanInstantiationException: Failed to instantiate [org.springframework.amqp.rabbit.connection.CachingConnectionFactory]: Factory method 'rabbitConnectionFactory' threw exception; nested exception is java.lang.IllegalArgumentException: Address http://localhost:5672 seems to contain an unquoted IPv6 address. Make sure you quote IPv6 addresses like so: [2001:db8:85a3:8d3:1319:8a2e:370:7348]
2023-08-01 20:36:36.182  WARN 29458 --- [restartedMain] s.c.a.AnnotationConfigApplicationContext : Exception thrown from ApplicationListener handling ContextClosedEvent

org.springframework.beans.factory.BeanCreationNotAllowedException: Error creating bean with name 'rabbitConnectionFactory': Singleton bean creation not allowed while singletons of this factory are in destruction (Do not request a bean from a BeanFactory in a destroy method implementation!)
	at org.springframework.beans.factory.support.DefaultSingletonBeanRegistry.getSingleton(DefaultSingletonBeanRegistry.java:220) ~[spring-beans-5.3.19.jar:5.3.19]
	at org.springframework.beans.factory.support.AbstractBeanFactory.doGetBean(AbstractBeanFactory.java:333) ~[spring-beans-5.3.19.jar:5.3.19]
	at org.springframework.beans.factory.support.AbstractBeanFactory.getBean(AbstractBeanFactory.java:213) ~[spring-beans-5.3.19.jar:5.3.19]
	at org.springframework.context.event.AbstractApplicationEventMulticaster.retrieveApplicationListeners(AbstractApplicationEventMulticaster.java:264) ~[spring-context-5.3.19.jar:5.3.19]
	at org.springframework.context.event.AbstractApplicationEventMulticaster.getApplicationListeners(AbstractApplicationEventMulticaster.java:221) ~[spring-context-5.3.19.jar:5.3.19]
	at org.springframework.context.event.SimpleApplicationEventMulticaster.multicastEvent(SimpleApplicationEventMulticaster.java:138) ~[spring-context-5.3.19.jar:5.3.19]
	at org.springframework.context.support.AbstractApplicationContext.publishEvent(AbstractApplicationContext.java:421) ~[spring-context-5.3.19.jar:5.3.19]
	at org.springframework.context.support.AbstractApplicationContext.publishEvent(AbstractApplicationContext.java:427) ~[spring-context-5.3.19.jar:5.3.19]
	at org.springframework.context.support.AbstractApplicationContext.publishEvent(AbstractApplicationContext.java:378) ~[spring-context-5.3.19.jar:5.3.19]
	at org.springframework.context.support.AbstractApplicationContext.doClose(AbstractApplicationContext.java:1058) ~[spring-context-5.3.19.jar:5.3.19]
	at org.springframework.context.support.AbstractApplicationContext.close(AbstractApplicationContext.java:1021) ~[spring-context-5.3.19.jar:5.3.19]
	at org.springframework.cloud.context.named.NamedContextFactory.destroy(NamedContextFactory.java:96) ~[spring-cloud-context-3.1.1.jar:3.1.1]
	at org.springframework.beans.factory.support.DisposableBeanAdapter.destroy(DisposableBeanAdapter.java:213) ~[spring-beans-5.3.19.jar:5.3.19]
	at org.springframework.beans.factory.support.DefaultSingletonBeanRegistry.destroyBean(DefaultSingletonBeanRegistry.java:587) ~[spring-beans-5.3.19.jar:5.3.19]
	at org.springframework.beans.factory.support.DefaultSingletonBeanRegistry.destroySingleton(DefaultSingletonBeanRegistry.java:559) ~[spring-beans-5.3.19.jar:5.3.19]
	at org.springframework.beans.factory.support.DefaultListableBeanFactory.destroySingleton(DefaultListableBeanFactory.java:1161) ~[spring-beans-5.3.19.jar:5.3.19]
	at org.springframework.beans.factory.support.DefaultSingletonBeanRegistry.destroySingletons(DefaultSingletonBeanRegistry.java:520) ~[spring-beans-5.3.19.jar:5.3.19]
	at org.springframework.beans.factory.support.DefaultListableBeanFactory.destroySingletons(DefaultListableBeanFactory.java:1154) ~[spring-beans-5.3.19.jar:5.3.19]
	at org.springframework.context.support.AbstractApplicationContext.destroyBeans(AbstractApplicationContext.java:1106) ~[spring-context-5.3.19.jar:5.3.19]
	at org.springframework.context.support.AbstractApplicationContext.refresh(AbstractApplicationContext.java:596) ~[spring-context-5.3.19.jar:5.3.19]
	at org.springframework.boot.web.servlet.context.ServletWebServerApplicationContext.refresh(ServletWebServerApplicationContext.java:145) ~[spring-boot-2.6.7.jar:2.6.7]
	at org.springframework.boot.SpringApplication.refresh(SpringApplication.java:740) ~[spring-boot-2.6.7.jar:2.6.7]
	at org.springframework.boot.SpringApplication.refreshContext(SpringApplication.java:415) ~[spring-boot-2.6.7.jar:2.6.7]
	at org.springframework.boot.SpringApplication.run(SpringApplication.java:303) ~[spring-boot-2.6.7.jar:2.6.7]
	at org.springframework.boot.SpringApplication.run(SpringApplication.java:1312) ~[spring-boot-2.6.7.jar:2.6.7]
	at org.springframework.boot.SpringApplication.run(SpringApplication.java:1301) ~[spring-boot-2.6.7.jar:2.6.7]
	at afsilva.com.msavaliadorcredito.MsavaliadorcreditoApplication.main(MsavaliadorcreditoApplication.java:17) ~[classes/:na]
	at java.base/jdk.internal.reflect.NativeMethodAccessorImpl.invoke0(Native Method) ~[na:na]
	at java.base/jdk.internal.reflect.NativeMethodAccessorImpl.invoke(NativeMethodAccessorImpl.java:64) ~[na:na]
	at java.base/jdk.internal.reflect.DelegatingMethodAccessorImpl.invoke(DelegatingMethodAccessorImpl.java:43) ~[na:na]
	at java.base/java.lang.reflect.Method.invoke(Method.java:564) ~[na:na]
	at org.springframework.boot.devtools.restart.RestartLauncher.run(RestartLauncher.java:49) ~[spring-boot-devtools-2.6.7.jar:2.6.7]

2023-08-01 20:36:36.187  WARN 29458 --- [restartedMain] s.c.a.AnnotationConfigApplicationContext : Exception thrown from ApplicationListener handling ContextClosedEvent

org.springframework.beans.factory.BeanCreationNotAllowedException: Error creating bean with name 'rabbitConnectionFactory': Singleton bean creation not allowed while singletons of this factory are in destruction (Do not request a bean from a BeanFactory in a destroy method implementation!)
	at org.springframework.beans.factory.support.DefaultSingletonBeanRegistry.getSingleton(DefaultSingletonBeanRegistry.java:220) ~[spring-beans-5.3.19.jar:5.3.19]
	at org.springframework.beans.factory.support.AbstractBeanFactory.doGetBean(AbstractBeanFactory.java:333) ~[spring-beans-5.3.19.jar:5.3.19]
	at org.springframework.beans.factory.support.AbstractBeanFactory.getBean(AbstractBeanFactory.java:213) ~[spring-beans-5.3.19.jar:5.3.19]
	at org.springframework.context.event.AbstractApplicationEventMulticaster.retrieveApplicationListeners(AbstractApplicationEventMulticaster.java:264) ~[spring-context-5.3.19.jar:5.3.19]
	at org.springframework.context.event.AbstractApplicationEventMulticaster.getApplicationListeners(AbstractApplicationEventMulticaster.java:221) ~[spring-context-5.3.19.jar:5.3.19]
	at org.springframework.context.event.SimpleApplicationEventMulticaster.multicastEvent(SimpleApplicationEventMulticaster.java:138) ~[spring-context-5.3.19.jar:5.3.19]
	at org.springframework.context.support.AbstractApplicationContext.publishEvent(AbstractApplicationContext.java:421) ~[spring-context-5.3.19.jar:5.3.19]
	at org.springframework.context.support.AbstractApplicationContext.publishEvent(AbstractApplicationContext.java:427) ~[spring-context-5.3.19.jar:5.3.19]
	at org.springframework.context.support.AbstractApplicationContext.publishEvent(AbstractApplicationContext.java:378) ~[spring-context-5.3.19.jar:5.3.19]
	at org.springframework.context.support.AbstractApplicationContext.doClose(AbstractApplicationContext.java:1058) ~[spring-context-5.3.19.jar:5.3.19]
	at org.springframework.context.support.AbstractApplicationContext.close(AbstractApplicationContext.java:1021) ~[spring-context-5.3.19.jar:5.3.19]
	at org.springframework.cloud.context.named.NamedContextFactory.destroy(NamedContextFactory.java:96) ~[spring-cloud-context-3.1.1.jar:3.1.1]
	at org.springframework.beans.factory.support.DisposableBeanAdapter.destroy(DisposableBeanAdapter.java:213) ~[spring-beans-5.3.19.jar:5.3.19]
	at org.springframework.beans.factory.support.DefaultSingletonBeanRegistry.destroyBean(DefaultSingletonBeanRegistry.java:587) ~[spring-beans-5.3.19.jar:5.3.19]
	at org.springframework.beans.factory.support.DefaultSingletonBeanRegistry.destroySingleton(DefaultSingletonBeanRegistry.java:559) ~[spring-beans-5.3.19.jar:5.3.19]
	at org.springframework.beans.factory.support.DefaultListableBeanFactory.destroySingleton(DefaultListableBeanFactory.java:1161) ~[spring-beans-5.3.19.jar:5.3.19]
	at org.springframework.beans.factory.support.DefaultSingletonBeanRegistry.destroySingletons(DefaultSingletonBeanRegistry.java:520) ~[spring-beans-5.3.19.jar:5.3.19]
	at org.springframework.beans.factory.support.DefaultListableBeanFactory.destroySingletons(DefaultListableBeanFactory.java:1154) ~[spring-beans-5.3.19.jar:5.3.19]
	at org.springframework.context.support.AbstractApplicationContext.destroyBeans(AbstractApplicationContext.java:1106) ~[spring-context-5.3.19.jar:5.3.19]
	at org.springframework.context.support.AbstractApplicationContext.refresh(AbstractApplicationContext.java:596) ~[spring-context-5.3.19.jar:5.3.19]
	at org.springframework.boot.web.servlet.context.ServletWebServerApplicationContext.refresh(ServletWebServerApplicationContext.java:145) ~[spring-boot-2.6.7.jar:2.6.7]
	at org.springframework.boot.SpringApplication.refresh(SpringApplication.java:740) ~[spring-boot-2.6.7.jar:2.6.7]
	at org.springframework.boot.SpringApplication.refreshContext(SpringApplication.java:415) ~[spring-boot-2.6.7.jar:2.6.7]
	at org.springframework.boot.SpringApplication.run(SpringApplication.java:303) ~[spring-boot-2.6.7.jar:2.6.7]
	at org.springframework.boot.SpringApplication.run(SpringApplication.java:1312) ~[spring-boot-2.6.7.jar:2.6.7]
	at org.springframework.boot.SpringApplication.run(SpringApplication.java:1301) ~[spring-boot-2.6.7.jar:2.6.7]
	at afsilva.com.msavaliadorcredito.MsavaliadorcreditoApplication.main(MsavaliadorcreditoApplication.java:17) ~[classes/:na]
	at java.base/jdk.internal.reflect.NativeMethodAccessorImpl.invoke0(Native Method) ~[na:na]
	at java.base/jdk.internal.reflect.NativeMethodAccessorImpl.invoke(NativeMethodAccessorImpl.java:64) ~[na:na]
	at java.base/jdk.internal.reflect.DelegatingMethodAccessorImpl.invoke(DelegatingMethodAccessorImpl.java:43) ~[na:na]
	at java.base/java.lang.reflect.Method.invoke(Method.java:564) ~[na:na]
	at org.springframework.boot.devtools.restart.RestartLauncher.run(RestartLauncher.java:49) ~[spring-boot-devtools-2.6.7.jar:2.6.7]

2023-08-01 20:36:36.192  INFO 29458 --- [restartedMain] o.apache.catalina.core.StandardService   : Stopping service [Tomcat]
2023-08-01 20:36:36.268  INFO 29458 --- [restartedMain] ConditionEvaluationReportLoggingListener : 

Error starting ApplicationContext. To display the conditions report re-run your application with 'debug' enabled.
2023-08-01 20:36:36.558 ERROR 29458 --- [restartedMain] o.s.boot.SpringApplication               : Application run failed

org.springframework.beans.factory.UnsatisfiedDependencyException: Error creating bean with name 'avaliadorCreditoController' defined in file [/Users/admin/Documents/Estudos/PRJ_MicroServico/msavaliadorcredito/target/classes/afsilva/com/msavaliadorcredito/application/AvaliadorCreditoController.class]: Unsatisfied dependency expressed through constructor parameter 0; nested exception is org.springframework.beans.factory.UnsatisfiedDependencyException: Error creating bean with name 'avaliadorCreditoService' defined in file [/Users/admin/Documents/Estudos/PRJ_MicroServico/msavaliadorcredito/target/classes/afsilva/com/msavaliadorcredito/application/AvaliadorCreditoService.class]: Unsatisfied dependency expressed through constructor parameter 2; nested exception is org.springframework.beans.factory.UnsatisfiedDependencyException: Error creating bean with name 'solicitacaoEmissaoCartaoPublisher' defined in file [/Users/admin/Documents/Estudos/PRJ_MicroServico/msavaliadorcredito/target/classes/afsilva/com/msavaliadorcredito/infra/mqueue/SolicitacaoEmissaoCartaoPublisher.class]: Unsatisfied dependency expressed through constructor parameter 0; nested exception is org.springframework.beans.factory.UnsatisfiedDependencyException: Error creating bean with name 'rabbitTemplate' defined in class path resource [org/springframework/boot/autoconfigure/amqp/RabbitAutoConfiguration$RabbitTemplateConfiguration.class]: Unsatisfied dependency expressed through method 'rabbitTemplate' parameter 1; nested exception is org.springframework.beans.factory.BeanCreationException: Error creating bean with name 'rabbitConnectionFactory' defined in class path resource [org/springframework/boot/autoconfigure/amqp/RabbitAutoConfiguration$RabbitConnectionFactoryCreator.class]: Bean instantiation via factory method failed; nested exception is org.springframework.beans.BeanInstantiationException: Failed to instantiate [org.springframework.amqp.rabbit.connection.CachingConnectionFactory]: Factory method 'rabbitConnectionFactory' threw exception; nested exception is java.lang.IllegalArgumentException: Address http://localhost:5672 seems to contain an unquoted IPv6 address. Make sure you quote IPv6 addresses like so: [2001:db8:85a3:8d3:1319:8a2e:370:7348]
	at org.springframework.beans.factory.support.ConstructorResolver.createArgumentArray(ConstructorResolver.java:800) ~[spring-beans-5.3.19.jar:5.3.19]
	at org.springframework.beans.factory.support.ConstructorResolver.autowireConstructor(ConstructorResolver.java:229) ~[spring-beans-5.3.19.jar:5.3.19]
	at org.springframework.beans.factory.support.AbstractAutowireCapableBeanFactory.autowireConstructor(AbstractAutowireCapableBeanFactory.java:1372) ~[spring-beans-5.3.19.jar:5.3.19]
	at org.springframework.beans.factory.support.AbstractAutowireCapableBeanFactory.createBeanInstance(AbstractAutowireCapableBeanFactory.java:1222) ~[spring-beans-5.3.19.jar:5.3.19]
	at org.springframework.beans.factory.support.AbstractAutowireCapableBeanFactory.doCreateBean(AbstractAutowireCapableBeanFactory.java:582) ~[spring-beans-5.3.19.jar:5.3.19]
	at org.springframework.beans.factory.support.AbstractAutowireCapableBeanFactory.createBean(AbstractAutowireCapableBeanFactory.java:542) ~[spring-beans-5.3.19.jar:5.3.19]
	at org.springframework.beans.factory.support.AbstractBeanFactory.lambda$doGetBean$0(AbstractBeanFactory.java:335) ~[spring-beans-5.3.19.jar:5.3.19]
	at org.springframework.beans.factory.support.DefaultSingletonBeanRegistry.getSingleton(DefaultSingletonBeanRegistry.java:234) ~[spring-beans-5.3.19.jar:5.3.19]
	at org.springframework.beans.factory.support.AbstractBeanFactory.doGetBean(AbstractBeanFactory.java:333) ~[spring-beans-5.3.19.jar:5.3.19]
	at org.springframework.beans.factory.support.AbstractBeanFactory.getBean(AbstractBeanFactory.java:208) ~[spring-beans-5.3.19.jar:5.3.19]
	at org.springframework.beans.factory.support.DefaultListableBeanFactory.preInstantiateSingletons(DefaultListableBeanFactory.java:953) ~[spring-beans-5.3.19.jar:5.3.19]
	at org.springframework.context.support.AbstractApplicationContext.finishBeanFactoryInitialization(AbstractApplicationContext.java:918) ~[spring-context-5.3.19.jar:5.3.19]
	at org.springframework.context.support.AbstractApplicationContext.refresh(AbstractApplicationContext.java:583) ~[spring-context-5.3.19.jar:5.3.19]
	at org.springframework.boot.web.servlet.context.ServletWebServerApplicationContext.refresh(ServletWebServerApplicationContext.java:145) ~[spring-boot-2.6.7.jar:2.6.7]
	at org.springframework.boot.SpringApplication.refresh(SpringApplication.java:740) ~[spring-boot-2.6.7.jar:2.6.7]
	at org.springframework.boot.SpringApplication.refreshContext(SpringApplication.java:415) ~[spring-boot-2.6.7.jar:2.6.7]
	at org.springframework.boot.SpringApplication.run(SpringApplication.java:303) ~[spring-boot-2.6.7.jar:2.6.7]
	at org.springframework.boot.SpringApplication.run(SpringApplication.java:1312) ~[spring-boot-2.6.7.jar:2.6.7]
	at org.springframework.boot.SpringApplication.run(SpringApplication.java:1301) ~[spring-boot-2.6.7.jar:2.6.7]
	at afsilva.com.msavaliadorcredito.MsavaliadorcreditoApplication.main(MsavaliadorcreditoApplication.java:17) ~[classes/:na]
	at java.base/jdk.internal.reflect.NativeMethodAccessorImpl.invoke0(Native Method) ~[na:na]
	at java.base/jdk.internal.reflect.NativeMethodAccessorImpl.invoke(NativeMethodAccessorImpl.java:64) ~[na:na]
	at java.base/jdk.internal.reflect.DelegatingMethodAccessorImpl.invoke(DelegatingMethodAccessorImpl.java:43) ~[na:na]
	at java.base/java.lang.reflect.Method.invoke(Method.java:564) ~[na:na]
	at org.springframework.boot.devtools.restart.RestartLauncher.run(RestartLauncher.java:49) ~[spring-boot-devtools-2.6.7.jar:2.6.7]
Caused by: org.springframework.beans.factory.UnsatisfiedDependencyException: Error creating bean with name 'avaliadorCreditoService' defined in file [/Users/admin/Documents/Estudos/PRJ_MicroServico/msavaliadorcredito/target/classes/afsilva/com/msavaliadorcredito/application/AvaliadorCreditoService.class]: Unsatisfied dependency expressed through constructor parameter 2; nested exception is org.springframework.beans.factory.UnsatisfiedDependencyException: Error creating bean with name 'solicitacaoEmissaoCartaoPublisher' defined in file [/Users/admin/Documents/Estudos/PRJ_MicroServico/msavaliadorcredito/target/classes/afsilva/com/msavaliadorcredito/infra/mqueue/SolicitacaoEmissaoCartaoPublisher.class]: Unsatisfied dependency expressed through constructor parameter 0; nested exception is org.springframework.beans.factory.UnsatisfiedDependencyException: Error creating bean with name 'rabbitTemplate' defined in class path resource [org/springframework/boot/autoconfigure/amqp/RabbitAutoConfiguration$RabbitTemplateConfiguration.class]: Unsatisfied dependency expressed through method 'rabbitTemplate' parameter 1; nested exception is org.springframework.beans.factory.BeanCreationException: Error creating bean with name 'rabbitConnectionFactory' defined in class path resource [org/springframework/boot/autoconfigure/amqp/RabbitAutoConfiguration$RabbitConnectionFactoryCreator.class]: Bean instantiation via factory method failed; nested exception is org.springframework.beans.BeanInstantiationException: Failed to instantiate [org.springframework.amqp.rabbit.connection.CachingConnectionFactory]: Factory method 'rabbitConnectionFactory' threw exception; nested exception is java.lang.IllegalArgumentException: Address http://localhost:5672 seems to contain an unquoted IPv6 address. Make sure you quote IPv6 addresses like so: [2001:db8:85a3:8d3:1319:8a2e:370:7348]
	at org.springframework.beans.factory.support.ConstructorResolver.createArgumentArray(ConstructorResolver.java:800) ~[spring-beans-5.3.19.jar:5.3.19]
	at org.springframework.beans.factory.support.ConstructorResolver.autowireConstructor(ConstructorResolver.java:229) ~[spring-beans-5.3.19.jar:5.3.19]
	at org.springframework.beans.factory.support.AbstractAutowireCapableBeanFactory.autowireConstructor(AbstractAutowireCapableBeanFactory.java:1372) ~[spring-beans-5.3.19.jar:5.3.19]
	at org.springframework.beans.factory.support.AbstractAutowireCapableBeanFactory.createBeanInstance(AbstractAutowireCapableBeanFactory.java:1222) ~[spring-beans-5.3.19.jar:5.3.19]
	at org.springframework.beans.factory.support.AbstractAutowireCapableBeanFactory.doCreateBean(AbstractAutowireCapableBeanFactory.java:582) ~[spring-beans-5.3.19.jar:5.3.19]
	at org.springframework.beans.factory.support.AbstractAutowireCapableBeanFactory.createBean(AbstractAutowireCapableBeanFactory.java:542) ~[spring-beans-5.3.19.jar:5.3.19]
	at org.springframework.beans.factory.support.AbstractBeanFactory.lambda$doGetBean$0(AbstractBeanFactory.java:335) ~[spring-beans-5.3.19.jar:5.3.19]
	at org.springframework.beans.factory.support.DefaultSingletonBeanRegistry.getSingleton(DefaultSingletonBeanRegistry.java:234) ~[spring-beans-5.3.19.jar:5.3.19]
	at org.springframework.beans.factory.support.AbstractBeanFactory.doGetBean(AbstractBeanFactory.java:333) ~[spring-beans-5.3.19.jar:5.3.19]
	at org.springframework.beans.factory.support.AbstractBeanFactory.getBean(AbstractBeanFactory.java:208) ~[spring-beans-5.3.19.jar:5.3.19]
	at org.springframework.beans.factory.config.DependencyDescriptor.resolveCandidate(DependencyDescriptor.java:276) ~[spring-beans-5.3.19.jar:5.3.19]
	at org.springframework.beans.factory.support.DefaultListableBeanFactory.doResolveDependency(DefaultListableBeanFactory.java:1389) ~[spring-beans-5.3.19.jar:5.3.19]
	at org.springframework.beans.factory.support.DefaultListableBeanFactory.resolveDependency(DefaultListableBeanFactory.java:1309) ~[spring-beans-5.3.19.jar:5.3.19]
	at org.springframework.beans.factory.support.ConstructorResolver.resolveAutowiredArgument(ConstructorResolver.java:887) ~[spring-beans-5.3.19.jar:5.3.19]
	at org.springframework.beans.factory.support.ConstructorResolver.createArgumentArray(ConstructorResolver.java:791) ~[spring-beans-5.3.19.jar:5.3.19]
	... 24 common frames omitted
Caused by: org.springframework.beans.factory.UnsatisfiedDependencyException: Error creating bean with name 'solicitacaoEmissaoCartaoPublisher' defined in file [/Users/admin/Documents/Estudos/PRJ_MicroServico/msavaliadorcredito/target/classes/afsilva/com/msavaliadorcredito/infra/mqueue/SolicitacaoEmissaoCartaoPublisher.class]: Unsatisfied dependency expressed through constructor parameter 0; nested exception is org.springframework.beans.factory.UnsatisfiedDependencyException: Error creating bean with name 'rabbitTemplate' defined in class path resource [org/springframework/boot/autoconfigure/amqp/RabbitAutoConfiguration$RabbitTemplateConfiguration.class]: Unsatisfied dependency expressed through method 'rabbitTemplate' parameter 1; nested exception is org.springframework.beans.factory.BeanCreationException: Error creating bean with name 'rabbitConnectionFactory' defined in class path resource [org/springframework/boot/autoconfigure/amqp/RabbitAutoConfiguration$RabbitConnectionFactoryCreator.class]: Bean instantiation via factory method failed; nested exception is org.springframework.beans.BeanInstantiationException: Failed to instantiate [org.springframework.amqp.rabbit.connection.CachingConnectionFactory]: Factory method 'rabbitConnectionFactory' threw exception; nested exception is java.lang.IllegalArgumentException: Address http://localhost:5672 seems to contain an unquoted IPv6 address. Make sure you quote IPv6 addresses like so: [2001:db8:85a3:8d3:1319:8a2e:370:7348]
	at org.springframework.beans.factory.support.ConstructorResolver.createArgumentArray(ConstructorResolver.java:800) ~[spring-beans-5.3.19.jar:5.3.19]
	at org.springframework.beans.factory.support.ConstructorResolver.autowireConstructor(ConstructorResolver.java:229) ~[spring-beans-5.3.19.jar:5.3.19]
	at org.springframework.beans.factory.support.AbstractAutowireCapableBeanFactory.autowireConstructor(AbstractAutowireCapableBeanFactory.java:1372) ~[spring-beans-5.3.19.jar:5.3.19]
	at org.springframework.beans.factory.support.AbstractAutowireCapableBeanFactory.createBeanInstance(AbstractAutowireCapableBeanFactory.java:1222) ~[spring-beans-5.3.19.jar:5.3.19]
	at org.springframework.beans.factory.support.AbstractAutowireCapableBeanFactory.doCreateBean(AbstractAutowireCapableBeanFactory.java:582) ~[spring-beans-5.3.19.jar:5.3.19]
	at org.springframework.beans.factory.support.AbstractAutowireCapableBeanFactory.createBean(AbstractAutowireCapableBeanFactory.java:542) ~[spring-beans-5.3.19.jar:5.3.19]
	at org.springframework.beans.factory.support.AbstractBeanFactory.lambda$doGetBean$0(AbstractBeanFactory.java:335) ~[spring-beans-5.3.19.jar:5.3.19]
	at org.springframework.beans.factory.support.DefaultSingletonBeanRegistry.getSingleton(DefaultSingletonBeanRegistry.java:234) ~[spring-beans-5.3.19.jar:5.3.19]
	at org.springframework.beans.factory.support.AbstractBeanFactory.doGetBean(AbstractBeanFactory.java:333) ~[spring-beans-5.3.19.jar:5.3.19]
	at org.springframework.beans.factory.support.AbstractBeanFactory.getBean(AbstractBeanFactory.java:208) ~[spring-beans-5.3.19.jar:5.3.19]
	at org.springframework.beans.factory.config.DependencyDescriptor.resolveCandidate(DependencyDescriptor.java:276) ~[spring-beans-5.3.19.jar:5.3.19]
	at org.springframework.beans.factory.support.DefaultListableBeanFactory.doResolveDependency(DefaultListableBeanFactory.java:1389) ~[spring-beans-5.3.19.jar:5.3.19]
	at org.springframework.beans.factory.support.DefaultListableBeanFactory.resolveDependency(DefaultListableBeanFactory.java:1309) ~[spring-beans-5.3.19.jar:5.3.19]
	at org.springframework.beans.factory.support.ConstructorResolver.resolveAutowiredArgument(ConstructorResolver.java:887) ~[spring-beans-5.3.19.jar:5.3.19]
	at org.springframework.beans.factory.support.ConstructorResolver.createArgumentArray(ConstructorResolver.java:791) ~[spring-beans-5.3.19.jar:5.3.19]
	... 38 common frames omitted
Caused by: org.springframework.beans.factory.UnsatisfiedDependencyException: Error creating bean with name 'rabbitTemplate' defined in class path resource [org/springframework/boot/autoconfigure/amqp/RabbitAutoConfiguration$RabbitTemplateConfiguration.class]: Unsatisfied dependency expressed through method 'rabbitTemplate' parameter 1; nested exception is org.springframework.beans.factory.BeanCreationException: Error creating bean with name 'rabbitConnectionFactory' defined in class path resource [org/springframework/boot/autoconfigure/amqp/RabbitAutoConfiguration$RabbitConnectionFactoryCreator.class]: Bean instantiation via factory method failed; nested exception is org.springframework.beans.BeanInstantiationException: Failed to instantiate [org.springframework.amqp.rabbit.connection.CachingConnectionFactory]: Factory method 'rabbitConnectionFactory' threw exception; nested exception is java.lang.IllegalArgumentException: Address http://localhost:5672 seems to contain an unquoted IPv6 address. Make sure you quote IPv6 addresses like so: [2001:db8:85a3:8d3:1319:8a2e:370:7348]
	at org.springframework.beans.factory.support.ConstructorResolver.createArgumentArray(ConstructorResolver.java:800) ~[spring-beans-5.3.19.jar:5.3.19]
	at org.springframework.beans.factory.support.ConstructorResolver.instantiateUsingFactoryMethod(ConstructorResolver.java:541) ~[spring-beans-5.3.19.jar:5.3.19]
	at org.springframework.beans.factory.support.AbstractAutowireCapableBeanFactory.instantiateUsingFactoryMethod(AbstractAutowireCapableBeanFactory.java:1352) ~[spring-beans-5.3.19.jar:5.3.19]
	at org.springframework.beans.factory.support.AbstractAutowireCapableBeanFactory.createBeanInstance(AbstractAutowireCapableBeanFactory.java:1195) ~[spring-beans-5.3.19.jar:5.3.19]
	at org.springframework.beans.factory.support.AbstractAutowireCapableBeanFactory.doCreateBean(AbstractAutowireCapableBeanFactory.java:582) ~[spring-beans-5.3.19.jar:5.3.19]
	at org.springframework.beans.factory.support.AbstractAutowireCapableBeanFactory.createBean(AbstractAutowireCapableBeanFactory.java:542) ~[spring-beans-5.3.19.jar:5.3.19]
	at org.springframework.beans.factory.support.AbstractBeanFactory.lambda$doGetBean$0(AbstractBeanFactory.java:335) ~[spring-beans-5.3.19.jar:5.3.19]
	at org.springframework.beans.factory.support.DefaultSingletonBeanRegistry.getSingleton(DefaultSingletonBeanRegistry.java:234) ~[spring-beans-5.3.19.jar:5.3.19]
	at org.springframework.beans.factory.support.AbstractBeanFactory.doGetBean(AbstractBeanFactory.java:333) ~[spring-beans-5.3.19.jar:5.3.19]
	at org.springframework.beans.factory.support.AbstractBeanFactory.getBean(AbstractBeanFactory.java:208) ~[spring-beans-5.3.19.jar:5.3.19]
	at org.springframework.beans.factory.config.DependencyDescriptor.resolveCandidate(DependencyDescriptor.java:276) ~[spring-beans-5.3.19.jar:5.3.19]
	at org.springframework.beans.factory.support.DefaultListableBeanFactory.doResolveDependency(DefaultListableBeanFactory.java:1389) ~[spring-beans-5.3.19.jar:5.3.19]
	at org.springframework.beans.factory.support.DefaultListableBeanFactory.resolveDependency(DefaultListableBeanFactory.java:1309) ~[spring-beans-5.3.19.jar:5.3.19]
	at org.springframework.beans.factory.support.ConstructorResolver.resolveAutowiredArgument(ConstructorResolver.java:887) ~[spring-beans-5.3.19.jar:5.3.19]
	at org.springframework.beans.factory.support.ConstructorResolver.createArgumentArray(ConstructorResolver.java:791) ~[spring-beans-5.3.19.jar:5.3.19]
	... 52 common frames omitted
Caused by: org.springframework.beans.factory.BeanCreationException: Error creating bean with name 'rabbitConnectionFactory' defined in class path resource [org/springframework/boot/autoconfigure/amqp/RabbitAutoConfiguration$RabbitConnectionFactoryCreator.class]: Bean instantiation via factory method failed; nested exception is org.springframework.beans.BeanInstantiationException: Failed to instantiate [org.springframework.amqp.rabbit.connection.CachingConnectionFactory]: Factory method 'rabbitConnectionFactory' threw exception; nested exception is java.lang.IllegalArgumentException: Address http://localhost:5672 seems to contain an unquoted IPv6 address. Make sure you quote IPv6 addresses like so: [2001:db8:85a3:8d3:1319:8a2e:370:7348]
	at org.springframework.beans.factory.support.ConstructorResolver.instantiate(ConstructorResolver.java:658) ~[spring-beans-5.3.19.jar:5.3.19]
	at org.springframework.beans.factory.support.ConstructorResolver.instantiateUsingFactoryMethod(ConstructorResolver.java:638) ~[spring-beans-5.3.19.jar:5.3.19]
	at org.springframework.beans.factory.support.AbstractAutowireCapableBeanFactory.instantiateUsingFactoryMethod(AbstractAutowireCapableBeanFactory.java:1352) ~[spring-beans-5.3.19.jar:5.3.19]
	at org.springframework.beans.factory.support.AbstractAutowireCapableBeanFactory.createBeanInstance(AbstractAutowireCapableBeanFactory.java:1195) ~[spring-beans-5.3.19.jar:5.3.19]
	at org.springframework.beans.factory.support.AbstractAutowireCapableBeanFactory.doCreateBean(AbstractAutowireCapableBeanFactory.java:582) ~[spring-beans-5.3.19.jar:5.3.19]
	at org.springframework.beans.factory.support.AbstractAutowireCapableBeanFactory.createBean(AbstractAutowireCapableBeanFactory.java:542) ~[spring-beans-5.3.19.jar:5.3.19]
	at org.springframework.beans.factory.support.AbstractBeanFactory.lambda$doGetBean$0(AbstractBeanFactory.java:335) ~[spring-beans-5.3.19.jar:5.3.19]
	at org.springframework.beans.factory.support.DefaultSingletonBeanRegistry.getSingleton(DefaultSingletonBeanRegistry.java:234) ~[spring-beans-5.3.19.jar:5.3.19]
	at org.springframework.beans.factory.support.AbstractBeanFactory.doGetBean(AbstractBeanFactory.java:333) ~[spring-beans-5.3.19.jar:5.3.19]
	at org.springframework.beans.factory.support.AbstractBeanFactory.getBean(AbstractBeanFactory.java:208) ~[spring-beans-5.3.19.jar:5.3.19]
	at org.springframework.beans.factory.config.DependencyDescriptor.resolveCandidate(DependencyDescriptor.java:276) ~[spring-beans-5.3.19.jar:5.3.19]
	at org.springframework.beans.factory.support.DefaultListableBeanFactory.doResolveDependency(DefaultListableBeanFactory.java:1389) ~[spring-beans-5.3.19.jar:5.3.19]
	at org.springframework.beans.factory.support.DefaultListableBeanFactory.resolveDependency(DefaultListableBeanFactory.java:1309) ~[spring-beans-5.3.19.jar:5.3.19]
	at org.springframework.beans.factory.support.ConstructorResolver.resolveAutowiredArgument(ConstructorResolver.java:887) ~[spring-beans-5.3.19.jar:5.3.19]
	at org.springframework.beans.factory.support.ConstructorResolver.createArgumentArray(ConstructorResolver.java:791) ~[spring-beans-5.3.19.jar:5.3.19]
	... 66 common frames omitted
Caused by: org.springframework.beans.BeanInstantiationException: Failed to instantiate [org.springframework.amqp.rabbit.connection.CachingConnectionFactory]: Factory method 'rabbitConnectionFactory' threw exception; nested exception is java.lang.IllegalArgumentException: Address http://localhost:5672 seems to contain an unquoted IPv6 address. Make sure you quote IPv6 addresses like so: [2001:db8:85a3:8d3:1319:8a2e:370:7348]
	at org.springframework.beans.factory.support.SimpleInstantiationStrategy.instantiate(SimpleInstantiationStrategy.java:185) ~[spring-beans-5.3.19.jar:5.3.19]
	at org.springframework.beans.factory.support.ConstructorResolver.instantiate(ConstructorResolver.java:653) ~[spring-beans-5.3.19.jar:5.3.19]
	... 80 common frames omitted
Caused by: java.lang.IllegalArgumentException: Address http://localhost:5672 seems to contain an unquoted IPv6 address. Make sure you quote IPv6 addresses like so: [2001:db8:85a3:8d3:1319:8a2e:370:7348]
	at com.rabbitmq.client.Address.parseHost(Address.java:96) ~[amqp-client-5.13.1.jar:5.13.1]
	at com.rabbitmq.client.Address.parseAddress(Address.java:158) ~[amqp-client-5.13.1.jar:5.13.1]
	at com.rabbitmq.client.Address.parseAddresses(Address.java:173) ~[amqp-client-5.13.1.jar:5.13.1]
	at org.springframework.amqp.rabbit.connection.AbstractConnectionFactory.setAddresses(AbstractConnectionFactory.java:343) ~[spring-rabbit-2.4.4.jar:2.4.4]
	at org.springframework.boot.context.properties.PropertyMapper$Source.to(PropertyMapper.java:291) ~[spring-boot-2.6.7.jar:2.6.7]
	at org.springframework.boot.autoconfigure.amqp.AbstractConnectionFactoryConfigurer.configure(AbstractConnectionFactoryConfigurer.java:58) ~[spring-boot-autoconfigure-2.6.7.jar:2.6.7]
	at org.springframework.boot.autoconfigure.amqp.RabbitAutoConfiguration$RabbitConnectionFactoryCreator.rabbitConnectionFactory(RabbitAutoConfiguration.java:133) ~[spring-boot-autoconfigure-2.6.7.jar:2.6.7]
	at java.base/jdk.internal.reflect.NativeMethodAccessorImpl.invoke0(Native Method) ~[na:na]
	at java.base/jdk.internal.reflect.NativeMethodAccessorImpl.invoke(NativeMethodAccessorImpl.java:64) ~[na:na]
	at java.base/jdk.internal.reflect.DelegatingMethodAccessorImpl.invoke(DelegatingMethodAccessorImpl.java:43) ~[na:na]
	at java.base/java.lang.reflect.Method.invoke(Method.java:564) ~[na:na]
	at org.springframework.beans.factory.support.SimpleInstantiationStrategy.instantiate(SimpleInstantiationStrategy.java:154) ~[spring-beans-5.3.19.jar:5.3.19]
	... 81 common frames omitted

2023-08-01 20:41:28.015  INFO 29632 --- [restartedMain] a.c.m.MsavaliadorcreditoApplication      : Starting MsavaliadorcreditoApplication using Java 15.0.2 on MacBook-Air-de-Admin-2.local with PID 29632 (/Users/admin/Documents/Estudos/PRJ_MicroServico/msavaliadorcredito/target/classes started by admin in /Users/admin/Documents/Estudos/PRJ_MicroServico/msavaliadorcredito)
2023-08-01 20:41:28.020  INFO 29632 --- [restartedMain] a.c.m.MsavaliadorcreditoApplication      : No active profile set, falling back to 1 default profile: "default"
2023-08-01 20:41:28.272  INFO 29632 --- [restartedMain] .e.DevToolsPropertyDefaultsPostProcessor : Devtools property defaults active! Set 'spring.devtools.add-properties' to 'false' to disable
2023-08-01 20:41:28.273  INFO 29632 --- [restartedMain] .e.DevToolsPropertyDefaultsPostProcessor : For additional web related logging consider setting the 'logging.level.web' property to 'DEBUG'
2023-08-01 20:41:34.038  INFO 29632 --- [restartedMain] o.s.cloud.context.scope.GenericScope     : BeanFactory id=a472aeaa-5f12-3eb2-a889-7852ab3d2c88
2023-08-01 20:41:36.676  INFO 29632 --- [restartedMain] o.s.b.w.embedded.tomcat.TomcatWebServer  : Tomcat initialized with port(s): 0 (http)
2023-08-01 20:41:36.722  INFO 29632 --- [restartedMain] o.apache.catalina.core.StandardService   : Starting service [Tomcat]
2023-08-01 20:41:36.723  INFO 29632 --- [restartedMain] org.apache.catalina.core.StandardEngine  : Starting Servlet engine: [Apache Tomcat/9.0.62]
2023-08-01 20:41:37.095  INFO 29632 --- [restartedMain] o.a.c.c.C.[Tomcat].[localhost].[/]       : Initializing Spring embedded WebApplicationContext
2023-08-01 20:41:37.100  INFO 29632 --- [restartedMain] w.s.c.ServletWebServerApplicationContext : Root WebApplicationContext: initialization completed in 8825 ms
2023-08-01 20:41:38.985  WARN 29632 --- [restartedMain] o.s.b.d.a.OptionalLiveReloadServer       : Unable to start LiveReload server
2023-08-01 20:41:39.123  INFO 29632 --- [restartedMain] o.s.c.openfeign.FeignClientFactoryBean   : For 'msclientes' URL not provided. Will try picking an instance via load-balancing.
2023-08-01 20:41:39.412  INFO 29632 --- [restartedMain] o.s.c.openfeign.FeignClientFactoryBean   : For 'mscartoes' URL not provided. Will try picking an instance via load-balancing.
2023-08-01 20:41:43.944  INFO 29632 --- [restartedMain] DiscoveryClientOptionalArgsConfiguration : Eureka HTTP Client uses RestTemplate.
2023-08-01 20:41:44.266  WARN 29632 --- [restartedMain] iguration$LoadBalancerCaffeineWarnLogger : Spring Cloud LoadBalancer is currently working with the default cache. While this cache implementation is useful for development and tests, it's recommended to use Caffeine cache in production.You can switch to using Caffeine cache, by adding it and org.springframework.cache.caffeine.CaffeineCacheManager to the classpath.
2023-08-01 20:41:44.296  INFO 29632 --- [restartedMain] o.s.b.a.e.web.EndpointLinksResolver      : Exposing 17 endpoint(s) beneath base path '/actuator'
2023-08-01 20:41:44.757  INFO 29632 --- [restartedMain] o.s.b.w.embedded.tomcat.TomcatWebServer  : Tomcat started on port(s): 55730 (http) with context path ''
2023-08-01 20:41:44.758  INFO 29632 --- [restartedMain] .s.c.n.e.s.EurekaAutoServiceRegistration : Updating port to 55730
2023-08-01 20:41:44.771  INFO 29632 --- [restartedMain] o.s.c.n.eureka.InstanceInfoFactory       : Setting initial instance status as: STARTING
2023-08-01 20:41:45.293  INFO 29632 --- [restartedMain] com.netflix.discovery.DiscoveryClient    : Initializing Eureka in region us-east-1
2023-08-01 20:41:45.308  INFO 29632 --- [restartedMain] c.n.d.s.r.aws.ConfigClusterResolver      : Resolving eureka endpoints via configuration
2023-08-01 20:41:45.429  INFO 29632 --- [restartedMain] com.netflix.discovery.DiscoveryClient    : Disable delta property : false
2023-08-01 20:41:45.430  INFO 29632 --- [restartedMain] com.netflix.discovery.DiscoveryClient    : Single vip registry refresh property : null
2023-08-01 20:41:45.436  INFO 29632 --- [restartedMain] com.netflix.discovery.DiscoveryClient    : Force full registry fetch : false
2023-08-01 20:41:45.437  INFO 29632 --- [restartedMain] com.netflix.discovery.DiscoveryClient    : Application is null : false
2023-08-01 20:41:45.439  INFO 29632 --- [restartedMain] com.netflix.discovery.DiscoveryClient    : Registered Applications size is zero : true
2023-08-01 20:41:45.440  INFO 29632 --- [restartedMain] com.netflix.discovery.DiscoveryClient    : Application version is -1: true
2023-08-01 20:41:45.440  INFO 29632 --- [restartedMain] com.netflix.discovery.DiscoveryClient    : Getting all instance registry info from the eureka server
2023-08-01 20:41:47.113  INFO 29632 --- [restartedMain] com.netflix.discovery.DiscoveryClient    : The response status is 200
2023-08-01 20:41:47.124  INFO 29632 --- [restartedMain] com.netflix.discovery.DiscoveryClient    : Starting heartbeat executor: renew interval is: 30
2023-08-01 20:41:47.136  INFO 29632 --- [restartedMain] c.n.discovery.InstanceInfoReplicator     : InstanceInfoReplicator onDemand update allowed rate per min is 4
2023-08-01 20:41:47.161  INFO 29632 --- [restartedMain] com.netflix.discovery.DiscoveryClient    : Discovery Client initialized at timestamp 1690933307159 with initial instances count: 1
2023-08-01 20:41:47.165  INFO 29632 --- [restartedMain] o.s.c.n.e.s.EurekaServiceRegistry        : Registering application MSAVALIADORCREDITO with eureka with status UP
2023-08-01 20:41:47.166  INFO 29632 --- [restartedMain] com.netflix.discovery.DiscoveryClient    : Saw local status change event StatusChangeEvent [timestamp=1690933307166, current=UP, previous=STARTING]
2023-08-01 20:41:47.168  INFO 29632 --- [DiscoveryClient-InstanceInfoReplicator-0] com.netflix.discovery.DiscoveryClient    : DiscoveryClient_MSAVALIADORCREDITO/msavaliadorcredito:e281ecc79c9a365790c81bb93c8aeafd: registering service...
2023-08-01 20:41:47.760  INFO 29632 --- [DiscoveryClient-InstanceInfoReplicator-0] com.netflix.discovery.DiscoveryClient    : DiscoveryClient_MSAVALIADORCREDITO/msavaliadorcredito:e281ecc79c9a365790c81bb93c8aeafd - registration status: 204
2023-08-01 20:41:47.766  INFO 29632 --- [restartedMain] a.c.m.MsavaliadorcreditoApplication      : Started MsavaliadorcreditoApplication in 28.397 seconds (JVM running for 31.046)
2023-08-01 20:46:45.452  INFO 29632 --- [AsyncResolver-bootstrap-executor-0] c.n.d.s.r.aws.ConfigClusterResolver      : Resolving eureka endpoints via configuration
2023-08-01 20:51:45.462  INFO 29632 --- [AsyncResolver-bootstrap-executor-0] c.n.d.s.r.aws.ConfigClusterResolver      : Resolving eureka endpoints via configuration
2023-08-01 20:55:20.195  INFO 29632 --- [http-nio-auto-1-exec-1] o.a.c.c.C.[Tomcat].[localhost].[/]       : Initializing Spring DispatcherServlet 'dispatcherServlet'
2023-08-01 20:55:20.199  INFO 29632 --- [http-nio-auto-1-exec-1] o.s.web.servlet.DispatcherServlet        : Initializing Servlet 'dispatcherServlet'
2023-08-01 20:55:20.316  INFO 29632 --- [http-nio-auto-1-exec-1] o.s.web.servlet.DispatcherServlet        : Completed initialization in 117 ms
2023-08-01 20:55:44.721  INFO 29632 --- [http-nio-auto-1-exec-4] o.s.a.r.c.CachingConnectionFactory       : Attempting to connect to: [localhost:5672]
2023-08-01 20:55:45.036  INFO 29632 --- [http-nio-auto-1-exec-4] o.s.a.r.c.CachingConnectionFactory       : Created new connection: rabbitConnectionFactory#21ec8b60:0/SimpleConnection@794fbb41 [delegate=amqp://guest@127.0.0.1:5672/, localPort= 55831]
2023-08-01 20:56:45.480  INFO 29632 --- [AsyncResolver-bootstrap-executor-0] c.n.d.s.r.aws.ConfigClusterResolver      : Resolving eureka endpoints via configuration
2023-08-01 20:57:03.359  INFO 29632 --- [SpringApplicationShutdownHook] o.s.c.n.e.s.EurekaServiceRegistry        : Unregistering application MSAVALIADORCREDITO with eureka with status DOWN
2023-08-01 20:57:03.363  INFO 29632 --- [SpringApplicationShutdownHook] com.netflix.discovery.DiscoveryClient    : Saw local status change event StatusChangeEvent [timestamp=1690934223363, current=DOWN, previous=UP]
2023-08-01 20:57:03.365  INFO 29632 --- [DiscoveryClient-InstanceInfoReplicator-0] com.netflix.discovery.DiscoveryClient    : DiscoveryClient_MSAVALIADORCREDITO/msavaliadorcredito:e281ecc79c9a365790c81bb93c8aeafd: registering service...
2023-08-01 20:57:03.416  INFO 29632 --- [DiscoveryClient-InstanceInfoReplicator-0] com.netflix.discovery.DiscoveryClient    : DiscoveryClient_MSAVALIADORCREDITO/msavaliadorcredito:e281ecc79c9a365790c81bb93c8aeafd - registration status: 204
2023-08-01 20:57:03.822  INFO 29632 --- [SpringApplicationShutdownHook] com.netflix.discovery.DiscoveryClient    : Shutting down DiscoveryClient ...
2023-08-01 20:57:06.884  INFO 29632 --- [SpringApplicationShutdownHook] com.netflix.discovery.DiscoveryClient    : Unregistering ...
2023-08-01 20:57:06.908  INFO 29632 --- [SpringApplicationShutdownHook] com.netflix.discovery.DiscoveryClient    : DiscoveryClient_MSAVALIADORCREDITO/msavaliadorcredito:e281ecc79c9a365790c81bb93c8aeafd - deregister  status: 200
2023-08-01 20:57:06.934  INFO 29632 --- [SpringApplicationShutdownHook] com.netflix.discovery.DiscoveryClient    : Completed shut down of DiscoveryClient
2023-08-01 22:24:47.345  INFO 33429 --- [restartedMain] a.c.m.MsavaliadorcreditoApplication      : Starting MsavaliadorcreditoApplication using Java 17.0.8 on MacBook-Air-de-Admin-2.local with PID 33429 (/Users/admin/Documents/Estudos/PRJ_MicroServico/msavaliadorcredito/target/classes started by admin in /Users/admin/Documents/Estudos/PRJ_MicroServico/msavaliadorcredito)
2023-08-01 22:24:47.348  INFO 33429 --- [restartedMain] a.c.m.MsavaliadorcreditoApplication      : No active profile set, falling back to 1 default profile: "default"
2023-08-01 22:24:47.473  INFO 33429 --- [restartedMain] .e.DevToolsPropertyDefaultsPostProcessor : Devtools property defaults active! Set 'spring.devtools.add-properties' to 'false' to disable
2023-08-01 22:24:47.475  INFO 33429 --- [restartedMain] .e.DevToolsPropertyDefaultsPostProcessor : For additional web related logging consider setting the 'logging.level.web' property to 'DEBUG'
2023-08-01 22:24:51.487  INFO 33429 --- [restartedMain] o.s.cloud.context.scope.GenericScope     : BeanFactory id=6471ea88-d51e-3250-b852-2a8c624137d7
2023-08-01 22:24:53.487  INFO 33429 --- [restartedMain] o.s.b.w.embedded.tomcat.TomcatWebServer  : Tomcat initialized with port(s): 0 (http)
2023-08-01 22:24:53.504  INFO 33429 --- [restartedMain] o.apache.catalina.core.StandardService   : Starting service [Tomcat]
2023-08-01 22:24:53.505  INFO 33429 --- [restartedMain] org.apache.catalina.core.StandardEngine  : Starting Servlet engine: [Apache Tomcat/9.0.78]
2023-08-01 22:24:53.885  INFO 33429 --- [restartedMain] o.a.c.c.C.[Tomcat].[localhost].[/]       : Initializing Spring embedded WebApplicationContext
2023-08-01 22:24:53.887  INFO 33429 --- [restartedMain] w.s.c.ServletWebServerApplicationContext : Root WebApplicationContext: initialization completed in 6411 ms
2023-08-01 22:24:55.419  WARN 33429 --- [restartedMain] o.s.b.d.a.OptionalLiveReloadServer       : Unable to start LiveReload server
2023-08-01 22:24:55.659  INFO 33429 --- [restartedMain] o.s.c.openfeign.FeignClientFactoryBean   : For 'msclientes' URL not provided. Will try picking an instance via load-balancing.
2023-08-01 22:24:55.968  INFO 33429 --- [restartedMain] o.s.c.openfeign.FeignClientFactoryBean   : For 'mscartoes' URL not provided. Will try picking an instance via load-balancing.
2023-08-01 22:24:59.655  INFO 33429 --- [restartedMain] DiscoveryClientOptionalArgsConfiguration : Eureka HTTP Client uses RestTemplate.
2023-08-01 22:24:59.815  WARN 33429 --- [restartedMain] iguration$LoadBalancerCaffeineWarnLogger : Spring Cloud LoadBalancer is currently working with the default cache. While this cache implementation is useful for development and tests, it's recommended to use Caffeine cache in production.You can switch to using Caffeine cache, by adding it and org.springframework.cache.caffeine.CaffeineCacheManager to the classpath.
2023-08-01 22:24:59.835  INFO 33429 --- [restartedMain] o.s.b.a.e.web.EndpointLinksResolver      : Exposing 17 endpoint(s) beneath base path '/actuator'
2023-08-01 22:24:59.950  INFO 33429 --- [restartedMain] o.s.b.w.embedded.tomcat.TomcatWebServer  : Tomcat started on port(s): 57910 (http) with context path ''
2023-08-01 22:24:59.951  INFO 33429 --- [restartedMain] .s.c.n.e.s.EurekaAutoServiceRegistration : Updating port to 57910
2023-08-01 22:24:59.959  INFO 33429 --- [restartedMain] o.s.c.n.eureka.InstanceInfoFactory       : Setting initial instance status as: STARTING
2023-08-01 22:25:00.206  INFO 33429 --- [restartedMain] com.netflix.discovery.DiscoveryClient    : Initializing Eureka in region us-east-1
2023-08-01 22:25:00.229  INFO 33429 --- [restartedMain] c.n.d.s.r.aws.ConfigClusterResolver      : Resolving eureka endpoints via configuration
2023-08-01 22:25:00.319  INFO 33429 --- [restartedMain] com.netflix.discovery.DiscoveryClient    : Disable delta property : false
2023-08-01 22:25:00.320  INFO 33429 --- [restartedMain] com.netflix.discovery.DiscoveryClient    : Single vip registry refresh property : null
2023-08-01 22:25:00.320  INFO 33429 --- [restartedMain] com.netflix.discovery.DiscoveryClient    : Force full registry fetch : false
2023-08-01 22:25:00.321  INFO 33429 --- [restartedMain] com.netflix.discovery.DiscoveryClient    : Application is null : false
2023-08-01 22:25:00.321  INFO 33429 --- [restartedMain] com.netflix.discovery.DiscoveryClient    : Registered Applications size is zero : true
2023-08-01 22:25:00.321  INFO 33429 --- [restartedMain] com.netflix.discovery.DiscoveryClient    : Application version is -1: true
2023-08-01 22:25:00.321  INFO 33429 --- [restartedMain] com.netflix.discovery.DiscoveryClient    : Getting all instance registry info from the eureka server
2023-08-01 22:25:01.016  INFO 33429 --- [restartedMain] com.netflix.discovery.DiscoveryClient    : The response status is 200
2023-08-01 22:25:01.022  INFO 33429 --- [restartedMain] com.netflix.discovery.DiscoveryClient    : Starting heartbeat executor: renew interval is: 30
2023-08-01 22:25:01.027  INFO 33429 --- [restartedMain] c.n.discovery.InstanceInfoReplicator     : InstanceInfoReplicator onDemand update allowed rate per min is 4
2023-08-01 22:25:01.036  INFO 33429 --- [restartedMain] com.netflix.discovery.DiscoveryClient    : Discovery Client initialized at timestamp 1690939501035 with initial instances count: 2
2023-08-01 22:25:01.038  INFO 33429 --- [restartedMain] o.s.c.n.e.s.EurekaServiceRegistry        : Registering application MSAVALIADORCREDITO with eureka with status UP
2023-08-01 22:25:01.039  INFO 33429 --- [restartedMain] com.netflix.discovery.DiscoveryClient    : Saw local status change event StatusChangeEvent [timestamp=1690939501039, current=UP, previous=STARTING]
2023-08-01 22:25:01.043  INFO 33429 --- [DiscoveryClient-InstanceInfoReplicator-0] com.netflix.discovery.DiscoveryClient    : DiscoveryClient_MSAVALIADORCREDITO/msavaliadorcredito:c73b941508aca7cbd30b43903868090d: registering service...
2023-08-01 22:25:01.302  INFO 33429 --- [restartedMain] a.c.m.MsavaliadorcreditoApplication      : Started MsavaliadorcreditoApplication in 23.008 seconds (JVM running for 26.147)
2023-08-01 22:25:01.331  INFO 33429 --- [DiscoveryClient-InstanceInfoReplicator-0] com.netflix.discovery.DiscoveryClient    : DiscoveryClient_MSAVALIADORCREDITO/msavaliadorcredito:c73b941508aca7cbd30b43903868090d - registration status: 204
2023-08-01 22:30:00.439  INFO 33429 --- [AsyncResolver-bootstrap-executor-0] c.n.d.s.r.aws.ConfigClusterResolver      : Resolving eureka endpoints via configuration
2023-08-01 22:35:00.606  INFO 33429 --- [AsyncResolver-bootstrap-executor-0] c.n.d.s.r.aws.ConfigClusterResolver      : Resolving eureka endpoints via configuration
2023-08-01 22:40:00.619  INFO 33429 --- [AsyncResolver-bootstrap-executor-0] c.n.d.s.r.aws.ConfigClusterResolver      : Resolving eureka endpoints via configuration
2023-08-01 22:42:26.431  INFO 33429 --- [http-nio-auto-1-exec-1] o.a.c.c.C.[Tomcat].[localhost].[/]       : Initializing Spring DispatcherServlet 'dispatcherServlet'
2023-08-01 22:42:26.437  INFO 33429 --- [http-nio-auto-1-exec-1] o.s.web.servlet.DispatcherServlet        : Initializing Servlet 'dispatcherServlet'
2023-08-01 22:42:26.601  INFO 33429 --- [http-nio-auto-1-exec-1] o.s.web.servlet.DispatcherServlet        : Completed initialization in 163 ms
2023-08-01 22:42:55.057  INFO 33429 --- [http-nio-auto-1-exec-3] o.s.a.r.c.CachingConnectionFactory       : Attempting to connect to: [localhost:5672]
2023-08-01 22:42:55.338  INFO 33429 --- [http-nio-auto-1-exec-3] o.s.a.r.c.CachingConnectionFactory       : Created new connection: rabbitConnectionFactory#6c9c7157:0/SimpleConnection@6ad8775f [delegate=amqp://guest@127.0.0.1:5672/, localPort= 58623]
2023-08-01 22:45:00.642  INFO 33429 --- [AsyncResolver-bootstrap-executor-0] c.n.d.s.r.aws.ConfigClusterResolver      : Resolving eureka endpoints via configuration
2023-08-01 22:49:19.363  INFO 33429 --- [SpringApplicationShutdownHook] o.s.c.n.e.s.EurekaServiceRegistry        : Unregistering application MSAVALIADORCREDITO with eureka with status DOWN
2023-08-01 22:49:19.370  INFO 33429 --- [SpringApplicationShutdownHook] com.netflix.discovery.DiscoveryClient    : Saw local status change event StatusChangeEvent [timestamp=1690940959370, current=DOWN, previous=UP]
2023-08-01 22:49:19.373  INFO 33429 --- [DiscoveryClient-InstanceInfoReplicator-0] com.netflix.discovery.DiscoveryClient    : DiscoveryClient_MSAVALIADORCREDITO/msavaliadorcredito:c73b941508aca7cbd30b43903868090d: registering service...
2023-08-01 22:49:19.439  INFO 33429 --- [DiscoveryClient-InstanceInfoReplicator-0] com.netflix.discovery.DiscoveryClient    : DiscoveryClient_MSAVALIADORCREDITO/msavaliadorcredito:c73b941508aca7cbd30b43903868090d - registration status: 204
2023-08-01 22:49:20.379  INFO 33429 --- [SpringApplicationShutdownHook] com.netflix.discovery.DiscoveryClient    : Shutting down DiscoveryClient ...
2023-08-01 22:49:23.390  INFO 33429 --- [SpringApplicationShutdownHook] com.netflix.discovery.DiscoveryClient    : Unregistering ...
2023-08-01 22:49:23.410  INFO 33429 --- [SpringApplicationShutdownHook] com.netflix.discovery.DiscoveryClient    : DiscoveryClient_MSAVALIADORCREDITO/msavaliadorcredito:c73b941508aca7cbd30b43903868090d - deregister  status: 200
2023-08-01 22:49:23.487  INFO 33429 --- [SpringApplicationShutdownHook] com.netflix.discovery.DiscoveryClient    : Completed shut down of DiscoveryClient
