2023-08-01 20:26:22.252  INFO 29154 --- [restartedMain] a.com.mscartoes.MscartoesApplication     : Starting MscartoesApplication using Java 15.0.2 on MacBook-Air-de-Admin-2.local with PID 29154 (/Users/admin/Documents/Estudos/PRJ_MicroServico/mscartoes/target/classes started by admin in /Users/admin/Documents/Estudos/PRJ_MicroServico/mscartoes)
2023-08-01 20:26:22.263  INFO 29154 --- [restartedMain] a.com.mscartoes.MscartoesApplication     : No active profile set, falling back to 1 default profile: "default"
2023-08-01 20:26:22.785  INFO 29154 --- [restartedMain] .e.DevToolsPropertyDefaultsPostProcessor : Devtools property defaults active! Set 'spring.devtools.add-properties' to 'false' to disable
2023-08-01 20:26:22.785  INFO 29154 --- [restartedMain] .e.DevToolsPropertyDefaultsPostProcessor : For additional web related logging consider setting the 'logging.level.web' property to 'DEBUG'
2023-08-01 20:26:36.679  INFO 29154 --- [restartedMain] .s.d.r.c.RepositoryConfigurationDelegate : Bootstrapping Spring Data JPA repositories in DEFAULT mode.
2023-08-01 20:26:39.025  INFO 29154 --- [restartedMain] .s.d.r.c.RepositoryConfigurationDelegate : Finished Spring Data repository scanning in 2103 ms. Found 2 JPA repository interfaces.
2023-08-01 20:26:43.864  INFO 29154 --- [restartedMain] o.s.cloud.context.scope.GenericScope     : BeanFactory id=937a82cf-d7d9-317d-b92c-e4538477f12e
2023-08-01 20:26:54.288  INFO 29154 --- [restartedMain] o.s.b.w.embedded.tomcat.TomcatWebServer  : Tomcat initialized with port(s): 0 (http)
2023-08-01 20:26:54.387  INFO 29154 --- [restartedMain] o.apache.catalina.core.StandardService   : Starting service [Tomcat]
2023-08-01 20:26:54.480  INFO 29154 --- [restartedMain] org.apache.catalina.core.StandardEngine  : Starting Servlet engine: [Apache Tomcat/9.0.62]
2023-08-01 20:26:55.464  INFO 29154 --- [restartedMain] o.a.c.c.C.[Tomcat].[localhost].[/]       : Initializing Spring embedded WebApplicationContext
2023-08-01 20:26:55.465  INFO 29154 --- [restartedMain] w.s.c.ServletWebServerApplicationContext : Root WebApplicationContext: initialization completed in 32677 ms
2023-08-01 20:26:56.936  INFO 29154 --- [restartedMain] com.zaxxer.hikari.HikariDataSource       : HikariPool-1 - Starting...
2023-08-01 20:26:57.919  INFO 29154 --- [restartedMain] com.zaxxer.hikari.HikariDataSource       : HikariPool-1 - Start completed.
2023-08-01 20:26:57.956  INFO 29154 --- [restartedMain] o.s.b.a.h2.H2ConsoleAutoConfiguration    : H2 console available at '/h2-console'. Database available at 'jdbc:h2:mem:149df0df-9070-4112-91af-b1cd94fa0ff2'
2023-08-01 20:26:59.297  INFO 29154 --- [restartedMain] o.hibernate.jpa.internal.util.LogHelper  : HHH000204: Processing PersistenceUnitInfo [name: default]
2023-08-01 20:26:59.491  INFO 29154 --- [restartedMain] org.hibernate.Version                    : HHH000412: Hibernate ORM core version 5.6.8.Final
2023-08-01 20:27:00.708  INFO 29154 --- [restartedMain] o.hibernate.annotations.common.Version   : HCANN000001: Hibernate Commons Annotations {5.1.2.Final}
2023-08-01 20:27:01.739  INFO 29154 --- [restartedMain] org.hibernate.dialect.Dialect            : HHH000400: Using dialect: org.hibernate.dialect.H2Dialect
2023-08-01 20:27:06.222  INFO 29154 --- [restartedMain] o.h.e.t.j.p.i.JtaPlatformInitiator       : HHH000490: Using JtaPlatform implementation: [org.hibernate.engine.transaction.jta.platform.internal.NoJtaPlatform]
2023-08-01 20:27:06.260  INFO 29154 --- [restartedMain] j.LocalContainerEntityManagerFactoryBean : Initialized JPA EntityManagerFactory for persistence unit 'default'
2023-08-01 20:27:11.536  WARN 29154 --- [restartedMain] JpaBaseConfiguration$JpaWebConfiguration : spring.jpa.open-in-view is enabled by default. Therefore, database queries may be performed during view rendering. Explicitly configure spring.jpa.open-in-view to disable this warning
2023-08-01 20:27:16.693 ERROR 29154 --- [restartedMain] com.rabbitmq.client.Address              : Address http://localhost:5672:5672 seems to contain an unquoted IPv6 address. Make sure you quote IPv6 addresses like so: [2001:db8:85a3:8d3:1319:8a2e:370:7348]
2023-08-01 20:27:16.695  WARN 29154 --- [restartedMain] ConfigServletWebServerApplicationContext : Exception encountered during context initialization - cancelling refresh attempt: org.springframework.beans.factory.BeanCreationException: Error creating bean with name 'rabbitConnectionFactory' defined in class path resource [org/springframework/boot/autoconfigure/amqp/RabbitAutoConfiguration$RabbitConnectionFactoryCreator.class]: Bean instantiation via factory method failed; nested exception is org.springframework.beans.BeanInstantiationException: Failed to instantiate [org.springframework.amqp.rabbit.connection.CachingConnectionFactory]: Factory method 'rabbitConnectionFactory' threw exception; nested exception is java.lang.IllegalArgumentException: Address http://localhost:5672:5672 seems to contain an unquoted IPv6 address. Make sure you quote IPv6 addresses like so: [2001:db8:85a3:8d3:1319:8a2e:370:7348]
2023-08-01 20:27:16.699  INFO 29154 --- [restartedMain] j.LocalContainerEntityManagerFactoryBean : Closing JPA EntityManagerFactory for persistence unit 'default'
2023-08-01 20:27:16.701  INFO 29154 --- [restartedMain] .SchemaDropperImpl$DelayedDropActionImpl : HHH000477: Starting delayed evictData of schema as part of SessionFactory shut-down'
2023-08-01 20:27:17.352  WARN 29154 --- [restartedMain] o.s.b.f.support.DisposableBeanAdapter    : Invocation of destroy method failed on bean with name 'inMemoryDatabaseShutdownExecutor': org.h2.jdbc.JdbcSQLNonTransientConnectionException: Database is already closed (to disable automatic closing at VM shutdown, add ";DB_CLOSE_ON_EXIT=FALSE" to the db URL) [90121-200]
2023-08-01 20:27:17.353  INFO 29154 --- [restartedMain] com.zaxxer.hikari.HikariDataSource       : HikariPool-1 - Shutdown initiated...
2023-08-01 20:27:17.360  INFO 29154 --- [restartedMain] com.zaxxer.hikari.HikariDataSource       : HikariPool-1 - Shutdown completed.
2023-08-01 20:27:17.371  INFO 29154 --- [restartedMain] o.apache.catalina.core.StandardService   : Stopping service [Tomcat]
2023-08-01 20:27:17.709  INFO 29154 --- [restartedMain] ConditionEvaluationReportLoggingListener : 

Error starting ApplicationContext. To display the conditions report re-run your application with 'debug' enabled.
2023-08-01 20:27:17.999 ERROR 29154 --- [restartedMain] o.s.boot.SpringApplication               : Application run failed

org.springframework.beans.factory.BeanCreationException: Error creating bean with name 'rabbitConnectionFactory' defined in class path resource [org/springframework/boot/autoconfigure/amqp/RabbitAutoConfiguration$RabbitConnectionFactoryCreator.class]: Bean instantiation via factory method failed; nested exception is org.springframework.beans.BeanInstantiationException: Failed to instantiate [org.springframework.amqp.rabbit.connection.CachingConnectionFactory]: Factory method 'rabbitConnectionFactory' threw exception; nested exception is java.lang.IllegalArgumentException: Address http://localhost:5672:5672 seems to contain an unquoted IPv6 address. Make sure you quote IPv6 addresses like so: [2001:db8:85a3:8d3:1319:8a2e:370:7348]
	at org.springframework.beans.factory.support.ConstructorResolver.instantiate(ConstructorResolver.java:658) ~[spring-beans-5.3.19.jar:5.3.19]
	at org.springframework.beans.factory.support.ConstructorResolver.instantiateUsingFactoryMethod(ConstructorResolver.java:638) ~[spring-beans-5.3.19.jar:5.3.19]
	at org.springframework.beans.factory.support.AbstractAutowireCapableBeanFactory.instantiateUsingFactoryMethod(AbstractAutowireCapableBeanFactory.java:1352) ~[spring-beans-5.3.19.jar:5.3.19]
	at org.springframework.beans.factory.support.AbstractAutowireCapableBeanFactory.createBeanInstance(AbstractAutowireCapableBeanFactory.java:1195) ~[spring-beans-5.3.19.jar:5.3.19]
	at org.springframework.beans.factory.support.AbstractAutowireCapableBeanFactory.doCreateBean(AbstractAutowireCapableBeanFactory.java:582) ~[spring-beans-5.3.19.jar:5.3.19]
	at org.springframework.beans.factory.support.AbstractAutowireCapableBeanFactory.createBean(AbstractAutowireCapableBeanFactory.java:542) ~[spring-beans-5.3.19.jar:5.3.19]
	at org.springframework.beans.factory.support.AbstractBeanFactory.lambda$doGetBean$0(AbstractBeanFactory.java:335) ~[spring-beans-5.3.19.jar:5.3.19]
	at org.springframework.beans.factory.support.DefaultSingletonBeanRegistry.getSingleton(DefaultSingletonBeanRegistry.java:234) ~[spring-beans-5.3.19.jar:5.3.19]
	at org.springframework.beans.factory.support.AbstractBeanFactory.doGetBean(AbstractBeanFactory.java:333) ~[spring-beans-5.3.19.jar:5.3.19]
	at org.springframework.beans.factory.support.AbstractBeanFactory.getBean(AbstractBeanFactory.java:208) ~[spring-beans-5.3.19.jar:5.3.19]
	at org.springframework.beans.factory.support.DefaultListableBeanFactory.preInstantiateSingletons(DefaultListableBeanFactory.java:953) ~[spring-beans-5.3.19.jar:5.3.19]
	at org.springframework.context.support.AbstractApplicationContext.finishBeanFactoryInitialization(AbstractApplicationContext.java:918) ~[spring-context-5.3.19.jar:5.3.19]
	at org.springframework.context.support.AbstractApplicationContext.refresh(AbstractApplicationContext.java:583) ~[spring-context-5.3.19.jar:5.3.19]
	at org.springframework.boot.web.servlet.context.ServletWebServerApplicationContext.refresh(ServletWebServerApplicationContext.java:145) ~[spring-boot-2.6.7.jar:2.6.7]
	at org.springframework.boot.SpringApplication.refresh(SpringApplication.java:740) ~[spring-boot-2.6.7.jar:2.6.7]
	at org.springframework.boot.SpringApplication.refreshContext(SpringApplication.java:415) ~[spring-boot-2.6.7.jar:2.6.7]
	at org.springframework.boot.SpringApplication.run(SpringApplication.java:303) ~[spring-boot-2.6.7.jar:2.6.7]
	at org.springframework.boot.SpringApplication.run(SpringApplication.java:1312) ~[spring-boot-2.6.7.jar:2.6.7]
	at org.springframework.boot.SpringApplication.run(SpringApplication.java:1301) ~[spring-boot-2.6.7.jar:2.6.7]
	at afsilva.com.mscartoes.MscartoesApplication.main(MscartoesApplication.java:16) ~[classes/:na]
	at java.base/jdk.internal.reflect.NativeMethodAccessorImpl.invoke0(Native Method) ~[na:na]
	at java.base/jdk.internal.reflect.NativeMethodAccessorImpl.invoke(NativeMethodAccessorImpl.java:64) ~[na:na]
	at java.base/jdk.internal.reflect.DelegatingMethodAccessorImpl.invoke(DelegatingMethodAccessorImpl.java:43) ~[na:na]
	at java.base/java.lang.reflect.Method.invoke(Method.java:564) ~[na:na]
	at org.springframework.boot.devtools.restart.RestartLauncher.run(RestartLauncher.java:49) ~[spring-boot-devtools-2.6.7.jar:2.6.7]
Caused by: org.springframework.beans.BeanInstantiationException: Failed to instantiate [org.springframework.amqp.rabbit.connection.CachingConnectionFactory]: Factory method 'rabbitConnectionFactory' threw exception; nested exception is java.lang.IllegalArgumentException: Address http://localhost:5672:5672 seems to contain an unquoted IPv6 address. Make sure you quote IPv6 addresses like so: [2001:db8:85a3:8d3:1319:8a2e:370:7348]
	at org.springframework.beans.factory.support.SimpleInstantiationStrategy.instantiate(SimpleInstantiationStrategy.java:185) ~[spring-beans-5.3.19.jar:5.3.19]
	at org.springframework.beans.factory.support.ConstructorResolver.instantiate(ConstructorResolver.java:653) ~[spring-beans-5.3.19.jar:5.3.19]
	... 24 common frames omitted
Caused by: java.lang.IllegalArgumentException: Address http://localhost:5672:5672 seems to contain an unquoted IPv6 address. Make sure you quote IPv6 addresses like so: [2001:db8:85a3:8d3:1319:8a2e:370:7348]
	at com.rabbitmq.client.Address.parseHost(Address.java:96) ~[amqp-client-5.13.1.jar:5.13.1]
	at com.rabbitmq.client.Address.parseAddress(Address.java:158) ~[amqp-client-5.13.1.jar:5.13.1]
	at com.rabbitmq.client.Address.parseAddresses(Address.java:173) ~[amqp-client-5.13.1.jar:5.13.1]
	at org.springframework.amqp.rabbit.connection.AbstractConnectionFactory.setAddresses(AbstractConnectionFactory.java:343) ~[spring-rabbit-2.4.4.jar:2.4.4]
	at org.springframework.boot.context.properties.PropertyMapper$Source.to(PropertyMapper.java:291) ~[spring-boot-2.6.7.jar:2.6.7]
	at org.springframework.boot.autoconfigure.amqp.AbstractConnectionFactoryConfigurer.configure(AbstractConnectionFactoryConfigurer.java:58) ~[spring-boot-autoconfigure-2.6.7.jar:2.6.7]
	at org.springframework.boot.autoconfigure.amqp.RabbitAutoConfiguration$RabbitConnectionFactoryCreator.rabbitConnectionFactory(RabbitAutoConfiguration.java:133) ~[spring-boot-autoconfigure-2.6.7.jar:2.6.7]
	at java.base/jdk.internal.reflect.NativeMethodAccessorImpl.invoke0(Native Method) ~[na:na]
	at java.base/jdk.internal.reflect.NativeMethodAccessorImpl.invoke(NativeMethodAccessorImpl.java:64) ~[na:na]
	at java.base/jdk.internal.reflect.DelegatingMethodAccessorImpl.invoke(DelegatingMethodAccessorImpl.java:43) ~[na:na]
	at java.base/java.lang.reflect.Method.invoke(Method.java:564) ~[na:na]
	at org.springframework.beans.factory.support.SimpleInstantiationStrategy.instantiate(SimpleInstantiationStrategy.java:154) ~[spring-beans-5.3.19.jar:5.3.19]
	... 25 common frames omitted

2023-08-01 20:36:39.221  INFO 29469 --- [restartedMain] a.com.mscartoes.MscartoesApplication     : Starting MscartoesApplication using Java 15.0.2 on MacBook-Air-de-Admin-2.local with PID 29469 (/Users/admin/Documents/Estudos/PRJ_MicroServico/mscartoes/target/classes started by admin in /Users/admin/Documents/Estudos/PRJ_MicroServico/mscartoes)
2023-08-01 20:36:39.225  INFO 29469 --- [restartedMain] a.com.mscartoes.MscartoesApplication     : No active profile set, falling back to 1 default profile: "default"
2023-08-01 20:36:39.447  INFO 29469 --- [restartedMain] .e.DevToolsPropertyDefaultsPostProcessor : Devtools property defaults active! Set 'spring.devtools.add-properties' to 'false' to disable
2023-08-01 20:36:39.447  INFO 29469 --- [restartedMain] .e.DevToolsPropertyDefaultsPostProcessor : For additional web related logging consider setting the 'logging.level.web' property to 'DEBUG'
2023-08-01 20:36:44.747  INFO 29469 --- [restartedMain] .s.d.r.c.RepositoryConfigurationDelegate : Bootstrapping Spring Data JPA repositories in DEFAULT mode.
2023-08-01 20:36:45.233  INFO 29469 --- [restartedMain] .s.d.r.c.RepositoryConfigurationDelegate : Finished Spring Data repository scanning in 462 ms. Found 2 JPA repository interfaces.
2023-08-01 20:36:45.971  INFO 29469 --- [restartedMain] o.s.cloud.context.scope.GenericScope     : BeanFactory id=937a82cf-d7d9-317d-b92c-e4538477f12e
2023-08-01 20:36:48.203  INFO 29469 --- [restartedMain] o.s.b.w.embedded.tomcat.TomcatWebServer  : Tomcat initialized with port(s): 0 (http)
2023-08-01 20:36:48.265  INFO 29469 --- [restartedMain] o.apache.catalina.core.StandardService   : Starting service [Tomcat]
2023-08-01 20:36:48.266  INFO 29469 --- [restartedMain] org.apache.catalina.core.StandardEngine  : Starting Servlet engine: [Apache Tomcat/9.0.62]
2023-08-01 20:36:48.611  INFO 29469 --- [restartedMain] o.a.c.c.C.[Tomcat].[localhost].[/]       : Initializing Spring embedded WebApplicationContext
2023-08-01 20:36:48.611  INFO 29469 --- [restartedMain] w.s.c.ServletWebServerApplicationContext : Root WebApplicationContext: initialization completed in 9162 ms
2023-08-01 20:36:48.944  INFO 29469 --- [restartedMain] com.zaxxer.hikari.HikariDataSource       : HikariPool-1 - Starting...
2023-08-01 20:36:49.506  INFO 29469 --- [restartedMain] com.zaxxer.hikari.HikariDataSource       : HikariPool-1 - Start completed.
2023-08-01 20:36:49.539  INFO 29469 --- [restartedMain] o.s.b.a.h2.H2ConsoleAutoConfiguration    : H2 console available at '/h2-console'. Database available at 'jdbc:h2:mem:a6b2c1ab-da6e-4d40-80c8-94f76e7619aa'
2023-08-01 20:36:50.288  INFO 29469 --- [restartedMain] o.hibernate.jpa.internal.util.LogHelper  : HHH000204: Processing PersistenceUnitInfo [name: default]
2023-08-01 20:36:50.456  INFO 29469 --- [restartedMain] org.hibernate.Version                    : HHH000412: Hibernate ORM core version 5.6.8.Final
2023-08-01 20:36:50.976  INFO 29469 --- [restartedMain] o.hibernate.annotations.common.Version   : HCANN000001: Hibernate Commons Annotations {5.1.2.Final}
2023-08-01 20:36:51.470  INFO 29469 --- [restartedMain] org.hibernate.dialect.Dialect            : HHH000400: Using dialect: org.hibernate.dialect.H2Dialect
2023-08-01 20:36:53.045  INFO 29469 --- [restartedMain] o.h.e.t.j.p.i.JtaPlatformInitiator       : HHH000490: Using JtaPlatform implementation: [org.hibernate.engine.transaction.jta.platform.internal.NoJtaPlatform]
2023-08-01 20:36:53.066  INFO 29469 --- [restartedMain] j.LocalContainerEntityManagerFactoryBean : Initialized JPA EntityManagerFactory for persistence unit 'default'
2023-08-01 20:36:54.459  WARN 29469 --- [restartedMain] JpaBaseConfiguration$JpaWebConfiguration : spring.jpa.open-in-view is enabled by default. Therefore, database queries may be performed during view rendering. Explicitly configure spring.jpa.open-in-view to disable this warning
2023-08-01 20:36:55.662 ERROR 29469 --- [restartedMain] com.rabbitmq.client.Address              : Address http://localhost:5672 seems to contain an unquoted IPv6 address. Make sure you quote IPv6 addresses like so: [2001:db8:85a3:8d3:1319:8a2e:370:7348]
2023-08-01 20:36:55.664  WARN 29469 --- [restartedMain] ConfigServletWebServerApplicationContext : Exception encountered during context initialization - cancelling refresh attempt: org.springframework.beans.factory.BeanCreationException: Error creating bean with name 'rabbitConnectionFactory' defined in class path resource [org/springframework/boot/autoconfigure/amqp/RabbitAutoConfiguration$RabbitConnectionFactoryCreator.class]: Bean instantiation via factory method failed; nested exception is org.springframework.beans.BeanInstantiationException: Failed to instantiate [org.springframework.amqp.rabbit.connection.CachingConnectionFactory]: Factory method 'rabbitConnectionFactory' threw exception; nested exception is java.lang.IllegalArgumentException: Address http://localhost:5672 seems to contain an unquoted IPv6 address. Make sure you quote IPv6 addresses like so: [2001:db8:85a3:8d3:1319:8a2e:370:7348]
2023-08-01 20:36:55.666  INFO 29469 --- [restartedMain] j.LocalContainerEntityManagerFactoryBean : Closing JPA EntityManagerFactory for persistence unit 'default'
2023-08-01 20:36:55.667  INFO 29469 --- [restartedMain] .SchemaDropperImpl$DelayedDropActionImpl : HHH000477: Starting delayed evictData of schema as part of SessionFactory shut-down'
2023-08-01 20:36:55.938  WARN 29469 --- [restartedMain] o.s.b.f.support.DisposableBeanAdapter    : Invocation of destroy method failed on bean with name 'inMemoryDatabaseShutdownExecutor': org.h2.jdbc.JdbcSQLNonTransientConnectionException: Database is already closed (to disable automatic closing at VM shutdown, add ";DB_CLOSE_ON_EXIT=FALSE" to the db URL) [90121-200]
2023-08-01 20:36:55.939  INFO 29469 --- [restartedMain] com.zaxxer.hikari.HikariDataSource       : HikariPool-1 - Shutdown initiated...
2023-08-01 20:36:55.944  INFO 29469 --- [restartedMain] com.zaxxer.hikari.HikariDataSource       : HikariPool-1 - Shutdown completed.
2023-08-01 20:36:55.954  INFO 29469 --- [restartedMain] o.apache.catalina.core.StandardService   : Stopping service [Tomcat]
2023-08-01 20:36:56.034  INFO 29469 --- [restartedMain] ConditionEvaluationReportLoggingListener : 

Error starting ApplicationContext. To display the conditions report re-run your application with 'debug' enabled.
2023-08-01 20:36:56.123 ERROR 29469 --- [restartedMain] o.s.boot.SpringApplication               : Application run failed

org.springframework.beans.factory.BeanCreationException: Error creating bean with name 'rabbitConnectionFactory' defined in class path resource [org/springframework/boot/autoconfigure/amqp/RabbitAutoConfiguration$RabbitConnectionFactoryCreator.class]: Bean instantiation via factory method failed; nested exception is org.springframework.beans.BeanInstantiationException: Failed to instantiate [org.springframework.amqp.rabbit.connection.CachingConnectionFactory]: Factory method 'rabbitConnectionFactory' threw exception; nested exception is java.lang.IllegalArgumentException: Address http://localhost:5672 seems to contain an unquoted IPv6 address. Make sure you quote IPv6 addresses like so: [2001:db8:85a3:8d3:1319:8a2e:370:7348]
	at org.springframework.beans.factory.support.ConstructorResolver.instantiate(ConstructorResolver.java:658) ~[spring-beans-5.3.19.jar:5.3.19]
	at org.springframework.beans.factory.support.ConstructorResolver.instantiateUsingFactoryMethod(ConstructorResolver.java:638) ~[spring-beans-5.3.19.jar:5.3.19]
	at org.springframework.beans.factory.support.AbstractAutowireCapableBeanFactory.instantiateUsingFactoryMethod(AbstractAutowireCapableBeanFactory.java:1352) ~[spring-beans-5.3.19.jar:5.3.19]
	at org.springframework.beans.factory.support.AbstractAutowireCapableBeanFactory.createBeanInstance(AbstractAutowireCapableBeanFactory.java:1195) ~[spring-beans-5.3.19.jar:5.3.19]
	at org.springframework.beans.factory.support.AbstractAutowireCapableBeanFactory.doCreateBean(AbstractAutowireCapableBeanFactory.java:582) ~[spring-beans-5.3.19.jar:5.3.19]
	at org.springframework.beans.factory.support.AbstractAutowireCapableBeanFactory.createBean(AbstractAutowireCapableBeanFactory.java:542) ~[spring-beans-5.3.19.jar:5.3.19]
	at org.springframework.beans.factory.support.AbstractBeanFactory.lambda$doGetBean$0(AbstractBeanFactory.java:335) ~[spring-beans-5.3.19.jar:5.3.19]
	at org.springframework.beans.factory.support.DefaultSingletonBeanRegistry.getSingleton(DefaultSingletonBeanRegistry.java:234) ~[spring-beans-5.3.19.jar:5.3.19]
	at org.springframework.beans.factory.support.AbstractBeanFactory.doGetBean(AbstractBeanFactory.java:333) ~[spring-beans-5.3.19.jar:5.3.19]
	at org.springframework.beans.factory.support.AbstractBeanFactory.getBean(AbstractBeanFactory.java:208) ~[spring-beans-5.3.19.jar:5.3.19]
	at org.springframework.beans.factory.support.DefaultListableBeanFactory.preInstantiateSingletons(DefaultListableBeanFactory.java:953) ~[spring-beans-5.3.19.jar:5.3.19]
	at org.springframework.context.support.AbstractApplicationContext.finishBeanFactoryInitialization(AbstractApplicationContext.java:918) ~[spring-context-5.3.19.jar:5.3.19]
	at org.springframework.context.support.AbstractApplicationContext.refresh(AbstractApplicationContext.java:583) ~[spring-context-5.3.19.jar:5.3.19]
	at org.springframework.boot.web.servlet.context.ServletWebServerApplicationContext.refresh(ServletWebServerApplicationContext.java:145) ~[spring-boot-2.6.7.jar:2.6.7]
	at org.springframework.boot.SpringApplication.refresh(SpringApplication.java:740) ~[spring-boot-2.6.7.jar:2.6.7]
	at org.springframework.boot.SpringApplication.refreshContext(SpringApplication.java:415) ~[spring-boot-2.6.7.jar:2.6.7]
	at org.springframework.boot.SpringApplication.run(SpringApplication.java:303) ~[spring-boot-2.6.7.jar:2.6.7]
	at org.springframework.boot.SpringApplication.run(SpringApplication.java:1312) ~[spring-boot-2.6.7.jar:2.6.7]
	at org.springframework.boot.SpringApplication.run(SpringApplication.java:1301) ~[spring-boot-2.6.7.jar:2.6.7]
	at afsilva.com.mscartoes.MscartoesApplication.main(MscartoesApplication.java:16) ~[classes/:na]
	at java.base/jdk.internal.reflect.NativeMethodAccessorImpl.invoke0(Native Method) ~[na:na]
	at java.base/jdk.internal.reflect.NativeMethodAccessorImpl.invoke(NativeMethodAccessorImpl.java:64) ~[na:na]
	at java.base/jdk.internal.reflect.DelegatingMethodAccessorImpl.invoke(DelegatingMethodAccessorImpl.java:43) ~[na:na]
	at java.base/java.lang.reflect.Method.invoke(Method.java:564) ~[na:na]
	at org.springframework.boot.devtools.restart.RestartLauncher.run(RestartLauncher.java:49) ~[spring-boot-devtools-2.6.7.jar:2.6.7]
Caused by: org.springframework.beans.BeanInstantiationException: Failed to instantiate [org.springframework.amqp.rabbit.connection.CachingConnectionFactory]: Factory method 'rabbitConnectionFactory' threw exception; nested exception is java.lang.IllegalArgumentException: Address http://localhost:5672 seems to contain an unquoted IPv6 address. Make sure you quote IPv6 addresses like so: [2001:db8:85a3:8d3:1319:8a2e:370:7348]
	at org.springframework.beans.factory.support.SimpleInstantiationStrategy.instantiate(SimpleInstantiationStrategy.java:185) ~[spring-beans-5.3.19.jar:5.3.19]
	at org.springframework.beans.factory.support.ConstructorResolver.instantiate(ConstructorResolver.java:653) ~[spring-beans-5.3.19.jar:5.3.19]
	... 24 common frames omitted
Caused by: java.lang.IllegalArgumentException: Address http://localhost:5672 seems to contain an unquoted IPv6 address. Make sure you quote IPv6 addresses like so: [2001:db8:85a3:8d3:1319:8a2e:370:7348]
	at com.rabbitmq.client.Address.parseHost(Address.java:96) ~[amqp-client-5.13.1.jar:5.13.1]
	at com.rabbitmq.client.Address.parseAddress(Address.java:158) ~[amqp-client-5.13.1.jar:5.13.1]
	at com.rabbitmq.client.Address.parseAddresses(Address.java:173) ~[amqp-client-5.13.1.jar:5.13.1]
	at org.springframework.amqp.rabbit.connection.AbstractConnectionFactory.setAddresses(AbstractConnectionFactory.java:343) ~[spring-rabbit-2.4.4.jar:2.4.4]
	at org.springframework.boot.context.properties.PropertyMapper$Source.to(PropertyMapper.java:291) ~[spring-boot-2.6.7.jar:2.6.7]
	at org.springframework.boot.autoconfigure.amqp.AbstractConnectionFactoryConfigurer.configure(AbstractConnectionFactoryConfigurer.java:58) ~[spring-boot-autoconfigure-2.6.7.jar:2.6.7]
	at org.springframework.boot.autoconfigure.amqp.RabbitAutoConfiguration$RabbitConnectionFactoryCreator.rabbitConnectionFactory(RabbitAutoConfiguration.java:133) ~[spring-boot-autoconfigure-2.6.7.jar:2.6.7]
	at java.base/jdk.internal.reflect.NativeMethodAccessorImpl.invoke0(Native Method) ~[na:na]
	at java.base/jdk.internal.reflect.NativeMethodAccessorImpl.invoke(NativeMethodAccessorImpl.java:64) ~[na:na]
	at java.base/jdk.internal.reflect.DelegatingMethodAccessorImpl.invoke(DelegatingMethodAccessorImpl.java:43) ~[na:na]
	at java.base/java.lang.reflect.Method.invoke(Method.java:564) ~[na:na]
	at org.springframework.beans.factory.support.SimpleInstantiationStrategy.instantiate(SimpleInstantiationStrategy.java:154) ~[spring-beans-5.3.19.jar:5.3.19]
	... 25 common frames omitted

2023-08-01 20:41:20.554  INFO 29616 --- [restartedMain] a.com.mscartoes.MscartoesApplication     : Starting MscartoesApplication using Java 15.0.2 on MacBook-Air-de-Admin-2.local with PID 29616 (/Users/admin/Documents/Estudos/PRJ_MicroServico/mscartoes/target/classes started by admin in /Users/admin/Documents/Estudos/PRJ_MicroServico/mscartoes)
2023-08-01 20:41:20.561  INFO 29616 --- [restartedMain] a.com.mscartoes.MscartoesApplication     : No active profile set, falling back to 1 default profile: "default"
2023-08-01 20:41:21.063  INFO 29616 --- [restartedMain] .e.DevToolsPropertyDefaultsPostProcessor : Devtools property defaults active! Set 'spring.devtools.add-properties' to 'false' to disable
2023-08-01 20:41:21.064  INFO 29616 --- [restartedMain] .e.DevToolsPropertyDefaultsPostProcessor : For additional web related logging consider setting the 'logging.level.web' property to 'DEBUG'
2023-08-01 20:41:25.524  INFO 29616 --- [restartedMain] .s.d.r.c.RepositoryConfigurationDelegate : Bootstrapping Spring Data JPA repositories in DEFAULT mode.
2023-08-01 20:41:26.113  INFO 29616 --- [restartedMain] .s.d.r.c.RepositoryConfigurationDelegate : Finished Spring Data repository scanning in 565 ms. Found 2 JPA repository interfaces.
2023-08-01 20:41:27.135  INFO 29616 --- [restartedMain] o.s.cloud.context.scope.GenericScope     : BeanFactory id=937a82cf-d7d9-317d-b92c-e4538477f12e
2023-08-01 20:41:30.352  INFO 29616 --- [restartedMain] o.s.b.w.embedded.tomcat.TomcatWebServer  : Tomcat initialized with port(s): 0 (http)
2023-08-01 20:41:30.444  INFO 29616 --- [restartedMain] o.apache.catalina.core.StandardService   : Starting service [Tomcat]
2023-08-01 20:41:30.446  INFO 29616 --- [restartedMain] org.apache.catalina.core.StandardEngine  : Starting Servlet engine: [Apache Tomcat/9.0.62]
2023-08-01 20:41:31.154  INFO 29616 --- [restartedMain] o.a.c.c.C.[Tomcat].[localhost].[/]       : Initializing Spring embedded WebApplicationContext
2023-08-01 20:41:31.155  INFO 29616 --- [restartedMain] w.s.c.ServletWebServerApplicationContext : Root WebApplicationContext: initialization completed in 10089 ms
2023-08-01 20:41:31.955  INFO 29616 --- [restartedMain] com.zaxxer.hikari.HikariDataSource       : HikariPool-1 - Starting...
2023-08-01 20:41:32.593  INFO 29616 --- [restartedMain] com.zaxxer.hikari.HikariDataSource       : HikariPool-1 - Start completed.
2023-08-01 20:41:32.622  INFO 29616 --- [restartedMain] o.s.b.a.h2.H2ConsoleAutoConfiguration    : H2 console available at '/h2-console'. Database available at 'jdbc:h2:mem:a351777b-f0b2-4ca3-a4d7-efc0fc4f6938'
2023-08-01 20:41:33.434  INFO 29616 --- [restartedMain] o.hibernate.jpa.internal.util.LogHelper  : HHH000204: Processing PersistenceUnitInfo [name: default]
2023-08-01 20:41:33.581  INFO 29616 --- [restartedMain] org.hibernate.Version                    : HHH000412: Hibernate ORM core version 5.6.8.Final
2023-08-01 20:41:34.124  INFO 29616 --- [restartedMain] o.hibernate.annotations.common.Version   : HCANN000001: Hibernate Commons Annotations {5.1.2.Final}
2023-08-01 20:41:34.525  INFO 29616 --- [restartedMain] org.hibernate.dialect.Dialect            : HHH000400: Using dialect: org.hibernate.dialect.H2Dialect
2023-08-01 20:41:36.847  INFO 29616 --- [restartedMain] o.h.e.t.j.p.i.JtaPlatformInitiator       : HHH000490: Using JtaPlatform implementation: [org.hibernate.engine.transaction.jta.platform.internal.NoJtaPlatform]
2023-08-01 20:41:36.871  INFO 29616 --- [restartedMain] j.LocalContainerEntityManagerFactoryBean : Initialized JPA EntityManagerFactory for persistence unit 'default'
2023-08-01 20:41:39.152  WARN 29616 --- [restartedMain] JpaBaseConfiguration$JpaWebConfiguration : spring.jpa.open-in-view is enabled by default. Therefore, database queries may be performed during view rendering. Explicitly configure spring.jpa.open-in-view to disable this warning
2023-08-01 20:41:43.637  WARN 29616 --- [restartedMain] o.s.b.d.a.OptionalLiveReloadServer       : Unable to start LiveReload server
2023-08-01 20:41:43.718  INFO 29616 --- [restartedMain] DiscoveryClientOptionalArgsConfiguration : Eureka HTTP Client uses RestTemplate.
2023-08-01 20:41:44.207  WARN 29616 --- [restartedMain] iguration$LoadBalancerCaffeineWarnLogger : Spring Cloud LoadBalancer is currently working with the default cache. While this cache implementation is useful for development and tests, it's recommended to use Caffeine cache in production.You can switch to using Caffeine cache, by adding it and org.springframework.cache.caffeine.CaffeineCacheManager to the classpath.
2023-08-01 20:41:44.239  INFO 29616 --- [restartedMain] o.s.b.a.e.web.EndpointLinksResolver      : Exposing 17 endpoint(s) beneath base path '/actuator'
2023-08-01 20:41:44.894  INFO 29616 --- [restartedMain] o.s.b.w.embedded.tomcat.TomcatWebServer  : Tomcat started on port(s): 55731 (http) with context path ''
2023-08-01 20:41:44.901  INFO 29616 --- [restartedMain] .s.c.n.e.s.EurekaAutoServiceRegistration : Updating port to 55731
2023-08-01 20:41:44.938  INFO 29616 --- [restartedMain] o.s.c.n.eureka.InstanceInfoFactory       : Setting initial instance status as: STARTING
2023-08-01 20:41:45.369  INFO 29616 --- [restartedMain] com.netflix.discovery.DiscoveryClient    : Initializing Eureka in region us-east-1
2023-08-01 20:41:45.379  INFO 29616 --- [restartedMain] c.n.d.s.r.aws.ConfigClusterResolver      : Resolving eureka endpoints via configuration
2023-08-01 20:41:45.572  INFO 29616 --- [restartedMain] com.netflix.discovery.DiscoveryClient    : Disable delta property : false
2023-08-01 20:41:45.573  INFO 29616 --- [restartedMain] com.netflix.discovery.DiscoveryClient    : Single vip registry refresh property : null
2023-08-01 20:41:45.574  INFO 29616 --- [restartedMain] com.netflix.discovery.DiscoveryClient    : Force full registry fetch : false
2023-08-01 20:41:45.574  INFO 29616 --- [restartedMain] com.netflix.discovery.DiscoveryClient    : Application is null : false
2023-08-01 20:41:45.574  INFO 29616 --- [restartedMain] com.netflix.discovery.DiscoveryClient    : Registered Applications size is zero : true
2023-08-01 20:41:45.574  INFO 29616 --- [restartedMain] com.netflix.discovery.DiscoveryClient    : Application version is -1: true
2023-08-01 20:41:45.575  INFO 29616 --- [restartedMain] com.netflix.discovery.DiscoveryClient    : Getting all instance registry info from the eureka server
2023-08-01 20:41:47.153  INFO 29616 --- [restartedMain] com.netflix.discovery.DiscoveryClient    : The response status is 200
2023-08-01 20:41:47.168  INFO 29616 --- [restartedMain] com.netflix.discovery.DiscoveryClient    : Starting heartbeat executor: renew interval is: 30
2023-08-01 20:41:47.183  INFO 29616 --- [restartedMain] c.n.discovery.InstanceInfoReplicator     : InstanceInfoReplicator onDemand update allowed rate per min is 4
2023-08-01 20:41:47.400  INFO 29616 --- [restartedMain] com.netflix.discovery.DiscoveryClient    : Discovery Client initialized at timestamp 1690933307396 with initial instances count: 1
2023-08-01 20:41:47.446  INFO 29616 --- [restartedMain] o.s.c.n.e.s.EurekaServiceRegistry        : Registering application MSCARTOES with eureka with status UP
2023-08-01 20:41:47.447  INFO 29616 --- [restartedMain] com.netflix.discovery.DiscoveryClient    : Saw local status change event StatusChangeEvent [timestamp=1690933307447, current=UP, previous=STARTING]
2023-08-01 20:41:47.452  INFO 29616 --- [DiscoveryClient-InstanceInfoReplicator-0] com.netflix.discovery.DiscoveryClient    : DiscoveryClient_MSCARTOES/mscartoes:d9fe5ef8306f6c4be54e03ec6879795c: registering service...
2023-08-01 20:41:47.464  INFO 29616 --- [restartedMain] o.s.a.r.c.CachingConnectionFactory       : Attempting to connect to: [localhost:5672]
2023-08-01 20:41:47.849  INFO 29616 --- [restartedMain] o.s.a.r.c.CachingConnectionFactory       : Created new connection: rabbitConnectionFactory#571f9aff:0/SimpleConnection@446e19c4 [delegate=amqp://guest@127.0.0.1:5672/, localPort= 55735]
2023-08-01 20:41:47.904  INFO 29616 --- [DiscoveryClient-InstanceInfoReplicator-0] com.netflix.discovery.DiscoveryClient    : DiscoveryClient_MSCARTOES/mscartoes:d9fe5ef8306f6c4be54e03ec6879795c - registration status: 204
2023-08-01 20:41:48.144  INFO 29616 --- [restartedMain] a.com.mscartoes.MscartoesApplication     : Started MscartoesApplication in 36.519 seconds (JVM running for 39.965)
2023-08-01 20:46:45.587  INFO 29616 --- [AsyncResolver-bootstrap-executor-0] c.n.d.s.r.aws.ConfigClusterResolver      : Resolving eureka endpoints via configuration
2023-08-01 20:51:45.596  INFO 29616 --- [AsyncResolver-bootstrap-executor-0] c.n.d.s.r.aws.ConfigClusterResolver      : Resolving eureka endpoints via configuration
2023-08-01 20:54:13.830  INFO 29616 --- [http-nio-auto-1-exec-2] o.a.c.c.C.[Tomcat].[localhost].[/]       : Initializing Spring DispatcherServlet 'dispatcherServlet'
2023-08-01 20:54:13.837  INFO 29616 --- [http-nio-auto-1-exec-2] o.s.web.servlet.DispatcherServlet        : Initializing Servlet 'dispatcherServlet'
2023-08-01 20:54:13.921  INFO 29616 --- [http-nio-auto-1-exec-2] o.s.web.servlet.DispatcherServlet        : Completed initialization in 83 ms
2023-08-01 20:56:45.616  INFO 29616 --- [AsyncResolver-bootstrap-executor-0] c.n.d.s.r.aws.ConfigClusterResolver      : Resolving eureka endpoints via configuration
2023-08-01 20:57:08.627  INFO 29616 --- [SpringApplicationShutdownHook] o.s.c.n.e.s.EurekaServiceRegistry        : Unregistering application MSCARTOES with eureka with status DOWN
2023-08-01 20:57:08.633  INFO 29616 --- [SpringApplicationShutdownHook] com.netflix.discovery.DiscoveryClient    : Saw local status change event StatusChangeEvent [timestamp=1690934228633, current=DOWN, previous=UP]
2023-08-01 20:57:08.638  INFO 29616 --- [DiscoveryClient-InstanceInfoReplicator-0] com.netflix.discovery.DiscoveryClient    : DiscoveryClient_MSCARTOES/mscartoes:d9fe5ef8306f6c4be54e03ec6879795c: registering service...
2023-08-01 20:57:08.719  INFO 29616 --- [DiscoveryClient-InstanceInfoReplicator-0] com.netflix.discovery.DiscoveryClient    : DiscoveryClient_MSCARTOES/mscartoes:d9fe5ef8306f6c4be54e03ec6879795c - registration status: 204
2023-08-01 20:57:08.789  INFO 29616 --- [org.springframework.amqp.rabbit.RabbitListenerEndpointContainer#0-2] o.s.a.r.l.SimpleMessageListenerContainer : Waiting for workers to finish.
2023-08-01 20:57:09.497  INFO 29616 --- [org.springframework.amqp.rabbit.RabbitListenerEndpointContainer#0-2] o.s.a.r.l.SimpleMessageListenerContainer : Successfully waited for workers to finish.
2023-08-01 20:57:09.653  INFO 29616 --- [SpringApplicationShutdownHook] o.s.a.r.l.SimpleMessageListenerContainer : Shutdown ignored - container is already stopped
2023-08-01 20:57:09.660  INFO 29616 --- [SpringApplicationShutdownHook] j.LocalContainerEntityManagerFactoryBean : Closing JPA EntityManagerFactory for persistence unit 'default'
2023-08-01 20:57:09.682  INFO 29616 --- [SpringApplicationShutdownHook] .SchemaDropperImpl$DelayedDropActionImpl : HHH000477: Starting delayed evictData of schema as part of SessionFactory shut-down'
2023-08-01 20:57:10.042  WARN 29616 --- [SpringApplicationShutdownHook] o.s.b.f.support.DisposableBeanAdapter    : Invocation of destroy method failed on bean with name 'inMemoryDatabaseShutdownExecutor': org.h2.jdbc.JdbcSQLNonTransientConnectionException: Database is already closed (to disable automatic closing at VM shutdown, add ";DB_CLOSE_ON_EXIT=FALSE" to the db URL) [90121-200]
2023-08-01 20:57:10.049  INFO 29616 --- [SpringApplicationShutdownHook] com.zaxxer.hikari.HikariDataSource       : HikariPool-1 - Shutdown initiated...
2023-08-01 20:57:10.068  INFO 29616 --- [SpringApplicationShutdownHook] com.zaxxer.hikari.HikariDataSource       : HikariPool-1 - Shutdown completed.
2023-08-01 20:57:10.087  INFO 29616 --- [SpringApplicationShutdownHook] com.netflix.discovery.DiscoveryClient    : Shutting down DiscoveryClient ...
2023-08-01 20:57:13.094  INFO 29616 --- [SpringApplicationShutdownHook] com.netflix.discovery.DiscoveryClient    : Unregistering ...
2023-08-01 20:57:13.122  INFO 29616 --- [SpringApplicationShutdownHook] com.netflix.discovery.DiscoveryClient    : DiscoveryClient_MSCARTOES/mscartoes:d9fe5ef8306f6c4be54e03ec6879795c - deregister  status: 200
2023-08-01 20:57:13.206  INFO 29616 --- [SpringApplicationShutdownHook] com.netflix.discovery.DiscoveryClient    : Completed shut down of DiscoveryClient
2023-08-01 22:22:46.425  INFO 33318 --- [restartedMain] a.com.mscartoes.MscartoesApplication     : Starting MscartoesApplication using Java 17.0.8 on MacBook-Air-de-Admin-2.local with PID 33318 (/Users/admin/Documents/Estudos/PRJ_MicroServico/mscartoes/target/classes started by admin in /Users/admin/Documents/Estudos/PRJ_MicroServico/mscartoes)
2023-08-01 22:22:46.429  INFO 33318 --- [restartedMain] a.com.mscartoes.MscartoesApplication     : No active profile set, falling back to 1 default profile: "default"
2023-08-01 22:22:46.800  INFO 33318 --- [restartedMain] .e.DevToolsPropertyDefaultsPostProcessor : Devtools property defaults active! Set 'spring.devtools.add-properties' to 'false' to disable
2023-08-01 22:22:46.800  INFO 33318 --- [restartedMain] .e.DevToolsPropertyDefaultsPostProcessor : For additional web related logging consider setting the 'logging.level.web' property to 'DEBUG'
2023-08-01 22:22:52.125  INFO 33318 --- [restartedMain] .s.d.r.c.RepositoryConfigurationDelegate : Bootstrapping Spring Data JPA repositories in DEFAULT mode.
2023-08-01 22:22:52.600  INFO 33318 --- [restartedMain] .s.d.r.c.RepositoryConfigurationDelegate : Finished Spring Data repository scanning in 453 ms. Found 2 JPA repository interfaces.
2023-08-01 22:22:53.823  INFO 33318 --- [restartedMain] o.s.cloud.context.scope.GenericScope     : BeanFactory id=40a5dd8a-e876-361d-849f-a28b1102f276
2023-08-01 22:22:56.037  INFO 33318 --- [restartedMain] o.s.b.w.embedded.tomcat.TomcatWebServer  : Tomcat initialized with port(s): 0 (http)
2023-08-01 22:22:56.059  INFO 33318 --- [restartedMain] o.apache.catalina.core.StandardService   : Starting service [Tomcat]
2023-08-01 22:22:56.079  INFO 33318 --- [restartedMain] org.apache.catalina.core.StandardEngine  : Starting Servlet engine: [Apache Tomcat/9.0.78]
2023-08-01 22:22:56.674  INFO 33318 --- [restartedMain] o.a.c.c.C.[Tomcat].[localhost].[/]       : Initializing Spring embedded WebApplicationContext
2023-08-01 22:22:56.675  INFO 33318 --- [restartedMain] w.s.c.ServletWebServerApplicationContext : Root WebApplicationContext: initialization completed in 9873 ms
2023-08-01 22:22:59.566  INFO 33318 --- [restartedMain] com.zaxxer.hikari.HikariDataSource       : HikariPool-1 - Starting...
2023-08-01 22:23:02.251  INFO 33318 --- [restartedMain] com.zaxxer.hikari.HikariDataSource       : HikariPool-1 - Start completed.
2023-08-01 22:23:02.297  INFO 33318 --- [restartedMain] o.s.b.a.h2.H2ConsoleAutoConfiguration    : H2 console available at '/h2-console'. Database available at 'jdbc:h2:mem:385b443c-58d4-492c-8ab9-b1b0664074d2'
2023-08-01 22:23:04.650  INFO 33318 --- [restartedMain] o.hibernate.jpa.internal.util.LogHelper  : HHH000204: Processing PersistenceUnitInfo [name: default]
2023-08-01 22:23:05.162  INFO 33318 --- [restartedMain] org.hibernate.Version                    : HHH000412: Hibernate ORM core version 5.6.15.Final
2023-08-01 22:23:05.990  INFO 33318 --- [restartedMain] o.hibernate.annotations.common.Version   : HCANN000001: Hibernate Commons Annotations {5.1.2.Final}
2023-08-01 22:23:06.539  INFO 33318 --- [restartedMain] org.hibernate.dialect.Dialect            : HHH000400: Using dialect: org.hibernate.dialect.H2Dialect
2023-08-01 22:23:10.338  INFO 33318 --- [restartedMain] o.h.e.t.j.p.i.JtaPlatformInitiator       : HHH000490: Using JtaPlatform implementation: [org.hibernate.engine.transaction.jta.platform.internal.NoJtaPlatform]
2023-08-01 22:23:10.505  INFO 33318 --- [restartedMain] j.LocalContainerEntityManagerFactoryBean : Initialized JPA EntityManagerFactory for persistence unit 'default'
2023-08-01 22:23:14.001  WARN 33318 --- [restartedMain] JpaBaseConfiguration$JpaWebConfiguration : spring.jpa.open-in-view is enabled by default. Therefore, database queries may be performed during view rendering. Explicitly configure spring.jpa.open-in-view to disable this warning
2023-08-01 22:23:16.386  WARN 33318 --- [restartedMain] o.s.b.d.a.OptionalLiveReloadServer       : Unable to start LiveReload server
2023-08-01 22:23:16.411  INFO 33318 --- [restartedMain] DiscoveryClientOptionalArgsConfiguration : Eureka HTTP Client uses RestTemplate.
2023-08-01 22:23:16.551  WARN 33318 --- [restartedMain] iguration$LoadBalancerCaffeineWarnLogger : Spring Cloud LoadBalancer is currently working with the default cache. While this cache implementation is useful for development and tests, it's recommended to use Caffeine cache in production.You can switch to using Caffeine cache, by adding it and org.springframework.cache.caffeine.CaffeineCacheManager to the classpath.
2023-08-01 22:23:16.559  INFO 33318 --- [restartedMain] o.s.b.a.e.web.EndpointLinksResolver      : Exposing 17 endpoint(s) beneath base path '/actuator'
2023-08-01 22:23:16.739  INFO 33318 --- [restartedMain] o.s.b.w.embedded.tomcat.TomcatWebServer  : Tomcat started on port(s): 57861 (http) with context path ''
2023-08-01 22:23:16.742  INFO 33318 --- [restartedMain] .s.c.n.e.s.EurekaAutoServiceRegistration : Updating port to 57861
2023-08-01 22:23:16.747  INFO 33318 --- [restartedMain] o.s.c.n.eureka.InstanceInfoFactory       : Setting initial instance status as: STARTING
2023-08-01 22:23:16.885  INFO 33318 --- [restartedMain] com.netflix.discovery.DiscoveryClient    : Initializing Eureka in region us-east-1
2023-08-01 22:23:16.892  INFO 33318 --- [restartedMain] c.n.d.s.r.aws.ConfigClusterResolver      : Resolving eureka endpoints via configuration
2023-08-01 22:23:16.934  INFO 33318 --- [restartedMain] com.netflix.discovery.DiscoveryClient    : Disable delta property : false
2023-08-01 22:23:16.935  INFO 33318 --- [restartedMain] com.netflix.discovery.DiscoveryClient    : Single vip registry refresh property : null
2023-08-01 22:23:16.935  INFO 33318 --- [restartedMain] com.netflix.discovery.DiscoveryClient    : Force full registry fetch : false
2023-08-01 22:23:16.935  INFO 33318 --- [restartedMain] com.netflix.discovery.DiscoveryClient    : Application is null : false
2023-08-01 22:23:16.935  INFO 33318 --- [restartedMain] com.netflix.discovery.DiscoveryClient    : Registered Applications size is zero : true
2023-08-01 22:23:16.935  INFO 33318 --- [restartedMain] com.netflix.discovery.DiscoveryClient    : Application version is -1: true
2023-08-01 22:23:16.936  INFO 33318 --- [restartedMain] com.netflix.discovery.DiscoveryClient    : Getting all instance registry info from the eureka server
2023-08-01 22:23:17.518  INFO 33318 --- [restartedMain] com.netflix.discovery.DiscoveryClient    : The response status is 200
2023-08-01 22:23:17.523  INFO 33318 --- [restartedMain] com.netflix.discovery.DiscoveryClient    : Starting heartbeat executor: renew interval is: 30
2023-08-01 22:23:17.526  INFO 33318 --- [restartedMain] c.n.discovery.InstanceInfoReplicator     : InstanceInfoReplicator onDemand update allowed rate per min is 4
2023-08-01 22:23:17.536  INFO 33318 --- [restartedMain] com.netflix.discovery.DiscoveryClient    : Discovery Client initialized at timestamp 1690939397534 with initial instances count: 1
2023-08-01 22:23:17.539  INFO 33318 --- [restartedMain] o.s.c.n.e.s.EurekaServiceRegistry        : Registering application MSCARTOES with eureka with status UP
2023-08-01 22:23:17.540  INFO 33318 --- [restartedMain] com.netflix.discovery.DiscoveryClient    : Saw local status change event StatusChangeEvent [timestamp=1690939397540, current=UP, previous=STARTING]
2023-08-01 22:23:17.542  INFO 33318 --- [DiscoveryClient-InstanceInfoReplicator-0] com.netflix.discovery.DiscoveryClient    : DiscoveryClient_MSCARTOES/mscartoes:b84e47c481ed93766d49dc9c8f18adcf: registering service...
2023-08-01 22:23:17.548  INFO 33318 --- [restartedMain] o.s.a.r.c.CachingConnectionFactory       : Attempting to connect to: [localhost:5672]
2023-08-01 22:23:17.905  INFO 33318 --- [DiscoveryClient-InstanceInfoReplicator-0] com.netflix.discovery.DiscoveryClient    : DiscoveryClient_MSCARTOES/mscartoes:b84e47c481ed93766d49dc9c8f18adcf - registration status: 204
2023-08-01 22:23:18.003  INFO 33318 --- [restartedMain] o.s.a.r.c.CachingConnectionFactory       : Created new connection: rabbitConnectionFactory#38c15b81:0/SimpleConnection@790fcddc [delegate=amqp://guest@127.0.0.1:5672/, localPort= 57863]
2023-08-01 22:23:18.310  INFO 33318 --- [restartedMain] a.com.mscartoes.MscartoesApplication     : Started MscartoesApplication in 40.38 seconds (JVM running for 45.259)
2023-08-01 22:28:17.026  INFO 33318 --- [AsyncResolver-bootstrap-executor-0] c.n.d.s.r.aws.ConfigClusterResolver      : Resolving eureka endpoints via configuration
2023-08-01 22:33:17.130  INFO 33318 --- [AsyncResolver-bootstrap-executor-0] c.n.d.s.r.aws.ConfigClusterResolver      : Resolving eureka endpoints via configuration
2023-08-01 22:38:17.175  INFO 33318 --- [AsyncResolver-bootstrap-executor-0] c.n.d.s.r.aws.ConfigClusterResolver      : Resolving eureka endpoints via configuration
2023-08-01 22:41:14.152  INFO 33318 --- [http-nio-auto-1-exec-1] o.a.c.c.C.[Tomcat].[localhost].[/]       : Initializing Spring DispatcherServlet 'dispatcherServlet'
2023-08-01 22:41:14.158  INFO 33318 --- [http-nio-auto-1-exec-1] o.s.web.servlet.DispatcherServlet        : Initializing Servlet 'dispatcherServlet'
2023-08-01 22:41:14.287  INFO 33318 --- [http-nio-auto-1-exec-1] o.s.web.servlet.DispatcherServlet        : Completed initialization in 128 ms
2023-08-01 22:43:17.209  INFO 33318 --- [AsyncResolver-bootstrap-executor-0] c.n.d.s.r.aws.ConfigClusterResolver      : Resolving eureka endpoints via configuration
2023-08-01 22:48:17.221  INFO 33318 --- [AsyncResolver-bootstrap-executor-0] c.n.d.s.r.aws.ConfigClusterResolver      : Resolving eureka endpoints via configuration
2023-08-01 22:49:21.687  INFO 33318 --- [SpringApplicationShutdownHook] o.s.c.n.e.s.EurekaServiceRegistry        : Unregistering application MSCARTOES with eureka with status DOWN
2023-08-01 22:49:21.694  INFO 33318 --- [SpringApplicationShutdownHook] com.netflix.discovery.DiscoveryClient    : Saw local status change event StatusChangeEvent [timestamp=1690940961692, current=DOWN, previous=UP]
2023-08-01 22:49:21.700  INFO 33318 --- [DiscoveryClient-InstanceInfoReplicator-0] com.netflix.discovery.DiscoveryClient    : DiscoveryClient_MSCARTOES/mscartoes:b84e47c481ed93766d49dc9c8f18adcf: registering service...
2023-08-01 22:49:21.784  INFO 33318 --- [DiscoveryClient-InstanceInfoReplicator-0] com.netflix.discovery.DiscoveryClient    : DiscoveryClient_MSCARTOES/mscartoes:b84e47c481ed93766d49dc9c8f18adcf - registration status: 204
2023-08-01 22:49:22.010  INFO 33318 --- [org.springframework.amqp.rabbit.RabbitListenerEndpointContainer#0-2] o.s.a.r.l.SimpleMessageListenerContainer : Waiting for workers to finish.
2023-08-01 22:49:22.147  INFO 33318 --- [org.springframework.amqp.rabbit.RabbitListenerEndpointContainer#0-2] o.s.a.r.l.SimpleMessageListenerContainer : Successfully waited for workers to finish.
2023-08-01 22:49:22.485  INFO 33318 --- [SpringApplicationShutdownHook] j.LocalContainerEntityManagerFactoryBean : Closing JPA EntityManagerFactory for persistence unit 'default'
2023-08-01 22:49:22.519  INFO 33318 --- [SpringApplicationShutdownHook] .SchemaDropperImpl$DelayedDropActionImpl : HHH000477: Starting delayed evictData of schema as part of SessionFactory shut-down'
2023-08-01 22:49:22.925  WARN 33318 --- [SpringApplicationShutdownHook] o.s.b.f.support.DisposableBeanAdapter    : Invocation of destroy method failed on bean with name 'inMemoryDatabaseShutdownExecutor': org.h2.jdbc.JdbcSQLNonTransientConnectionException: Database is already closed (to disable automatic closing at VM shutdown, add ";DB_CLOSE_ON_EXIT=FALSE" to the db URL) [90121-214]
2023-08-01 22:49:22.960  INFO 33318 --- [SpringApplicationShutdownHook] com.zaxxer.hikari.HikariDataSource       : HikariPool-1 - Shutdown initiated...
2023-08-01 22:49:23.105  INFO 33318 --- [SpringApplicationShutdownHook] com.zaxxer.hikari.HikariDataSource       : HikariPool-1 - Shutdown completed.
2023-08-01 22:49:23.113  INFO 33318 --- [SpringApplicationShutdownHook] com.netflix.discovery.DiscoveryClient    : Shutting down DiscoveryClient ...
2023-08-01 22:49:26.125  INFO 33318 --- [SpringApplicationShutdownHook] com.netflix.discovery.DiscoveryClient    : Unregistering ...
2023-08-01 22:49:26.147  INFO 33318 --- [SpringApplicationShutdownHook] com.netflix.discovery.DiscoveryClient    : DiscoveryClient_MSCARTOES/mscartoes:b84e47c481ed93766d49dc9c8f18adcf - deregister  status: 200
2023-08-01 22:49:26.237  INFO 33318 --- [SpringApplicationShutdownHook] com.netflix.discovery.DiscoveryClient    : Completed shut down of DiscoveryClient
